2016-10-19 18:32:34,198 成功，gerry,删除数据库成功，数据库：gerry20161018-101137。
2016-10-19 18:48:12,566 成功，Brian,删除数据库成功，数据库：Brian20161019-183407。
2016-10-20 20:22:44,129 成功，zoya,删除数据库成功，数据库：Zoya20161018-102259。
2016-10-22 00:28:11,131 成功，allen,创建数据库成功,数据库：allen20161022-002808
2016-10-22 00:33:13,105 成功，allen,数据库：allen20161022-002808,授权完成，用户名allen
2016-10-22 00:33:14,385 成功，allen,数据库：allen20161022-002808,修改状态为10，发送邮件成功
2016-10-22 00:40:38,117 成功，allen,删除数据库成功，数据库：allen20161022-002808。
2016-10-25 10:03:41,825 成功，max,创建数据库成功,数据库：max20161025-100339
2016-10-25 10:09:14,200 成功，max,数据库：max20161025-100339,授权完成，用户名allen
2016-10-25 10:09:15,596 成功，max,数据库：max20161025-100339,修改状态为10，发送邮件成功
2016-10-26 16:42:50,410 成功，tommy,创建数据库成功,数据库：tommy20161026-164249
2016-10-26 16:47:52,512 成功，tommy,数据库：tommy20161026-164249,授权完成，用户名allen
2016-10-26 16:47:53,952 成功，tommy,数据库：tommy20161026-164249,修改状态为10，发送邮件成功
2016-10-26 18:25:23,096 成功，tommy,删除数据库成功，数据库：tommy20161026-164249。
2016-10-26 18:45:22,143 成功，max,删除数据库成功，数据库：max20161025-100339。
2016-10-27 10:20:23,317 成功，gerry,创建数据库成功,数据库：gerry20161027-102020
2016-10-27 10:25:25,452 成功，gerry,数据库：gerry20161027-102020,授权完成，用户名allen
2016-10-27 10:25:27,135 成功，gerry,数据库：gerry20161027-102020,修改状态为10，发送邮件成功
2016-10-27 18:57:31,501 成功，gerry,删除数据库成功，数据库：gerry20161027-102020。
2016-10-27 18:58:42,451 成功，gerry,创建数据库成功,数据库：gerry20161027-185839
2016-10-27 19:03:44,478 成功，gerry,数据库：gerry20161027-185839,授权完成，用户名allen
2016-10-27 19:03:45,808 成功，gerry,数据库：gerry20161027-185839,修改状态为10，发送邮件成功
2016-10-29 11:26:23,317 成功，gerry,删除数据库成功，数据库：gerry20161027-185839。
2016-11-03 11:05:16,400 成功，max,创建数据库成功,数据库：max20161103-110513
2016-11-03 11:10:48,463 成功，max,数据库：max20161103-110513,授权完成，用户名allen
2016-11-03 11:10:49,924 成功，max,数据库：max20161103-110513,修改状态为10，发送邮件成功
2016-11-03 16:28:02,508 成功，gerry,创建数据库成功,数据库：gerry20161103-162800
2016-11-03 16:34:04,851 成功，gerry,数据库：gerry20161103-162800,授权完成，用户名allen
2016-11-03 16:34:06,279 成功，gerry,数据库：gerry20161103-162800,修改状态为10，发送邮件成功
2016-11-04 18:29:46,216 成功，max,删除数据库成功，数据库：max20161103-110513。
2016-11-07 13:51:52,021 成功，gerry,删除数据库成功，数据库：gerry20161103-162800。
2016-11-08 10:59:39,275 成功，gerry,创建数据库成功,数据库：gerry20161108-105937
2016-11-08 11:04:41,098 成功，gerry,数据库：gerry20161108-105937,授权完成，用户名allen
2016-11-08 11:04:42,474 成功，gerry,数据库：gerry20161108-105937,修改状态为10，发送邮件成功
2016-11-08 15:58:20,785 成功，zoya,创建数据库成功,数据库：zoya20161108-155818
2016-11-08 16:03:22,681 成功，zoya,数据库：zoya20161108-155818,授权完成，用户名allen
2016-11-08 16:03:23,181 成功，zoya,数据库：zoya20161108-155818,修改状态为10，发送邮件成功
2016-11-08 17:21:11,598 成功，zoya,删除数据库成功，数据库：zoya20161108-155818。
2016-11-08 17:52:38,093 成功，allen,创建数据库成功,数据库：allen20161108-175236
2016-11-08 17:57:39,988 成功，allen,数据库：allen20161108-175236,授权完成，用户名allen
2016-11-08 17:57:40,807 成功，allen,数据库：allen20161108-175236,修改状态为10，发送邮件成功
2016-11-08 21:28:20,527 成功，allen,删除数据库成功，数据库：allen20161108-175236。
2016-11-09 09:32:01,754 成功，zoya,创建数据库成功,数据库：zoya20161109-093159
2016-11-09 09:37:34,146 成功，zoya,数据库：zoya20161109-093159,授权完成，用户名allen
2016-11-09 09:37:34,948 成功，zoya,数据库：zoya20161109-093159,修改状态为10，发送邮件成功
2016-11-09 13:36:22,724 成功，allen,创建数据库成功,数据库：allen20161109-133619
2016-11-09 13:41:25,165 成功，allen,数据库：allen20161109-133619,授权完成，用户名allen
2016-11-09 13:41:25,719 成功，allen,数据库：allen20161109-133619,修改状态为10，发送邮件成功
2016-11-09 14:51:15,926 成功，zoya,删除数据库成功，数据库：zoya20161109-093159。
2016-11-09 18:59:57,595 成功，gerry,删除数据库成功，数据库：gerry20161108-105937。
2016-11-09 19:19:46,787 成功，allen,删除数据库成功，数据库：allen20161109-133619。
2016-11-10 09:23:04,228 成功，zoya,创建数据库成功,数据库：zoya20161110-092302
2016-11-10 09:28:06,354 成功，zoya,数据库：zoya20161110-092302,授权完成，用户名allen
2016-11-10 09:28:06,982 成功，zoya,数据库：zoya20161110-092302,修改状态为10，发送邮件成功
2016-11-10 11:49:12,875 成功，allen,创建数据库成功,数据库：allen20161110-114911
2016-11-10 11:51:03,263 成功，gerry,创建数据库成功,数据库：gerry20161110-115101
2016-11-10 11:54:14,805 成功，allen,数据库：allen20161110-114911,授权完成，用户名allen
2016-11-10 11:54:15,411 成功，allen,数据库：allen20161110-114911,修改状态为10，发送邮件成功
2016-11-10 11:56:05,247 成功，gerry,数据库：gerry20161110-115101,授权完成，用户名allen
2016-11-10 11:56:06,013 成功，gerry,数据库：gerry20161110-115101,修改状态为10，发送邮件成功
2016-11-10 15:17:29,897 成功，allen,删除数据库成功，数据库：allen20161110-114911。
2016-11-10 18:24:34,120 成功，gerry,删除数据库成功，数据库：gerry20161110-115101。
2016-11-11 11:59:57,134 成功，tommy,创建数据库成功,数据库：tommy20161111-115955
2016-11-11 12:04:59,077 成功，tommy,数据库：tommy20161111-115955,授权完成，用户名allen
2016-11-11 12:04:59,655 成功，tommy,数据库：tommy20161111-115955,修改状态为10，发送邮件成功
2016-11-11 13:36:44,482 成功，tommy,删除数据库成功，数据库：tommy20161111-115955。
2016-11-11 15:36:21,088 成功，zoya,删除数据库成功，数据库：zoya20161110-092302。
2016-11-11 15:38:11,309 成功，zoya,创建数据库成功,数据库：zoya20161111-153809
2016-11-11 15:43:13,279 成功，zoya,数据库：zoya20161111-153809,授权完成，用户名allen
2016-11-11 15:43:13,921 成功，zoya,数据库：zoya20161111-153809,修改状态为10，发送邮件成功
2016-11-11 19:04:34,889 成功，zoya,删除数据库成功，数据库：zoya20161111-153809。
2016-11-14 13:52:17,408 成功，zoya,创建数据库成功,数据库：zoya20161114-135214
2016-11-14 13:57:19,591 成功，zoya,数据库：zoya20161114-135214,授权完成，用户名allen
2016-11-14 13:57:20,122 成功，zoya,数据库：zoya20161114-135214,修改状态为10，发送邮件成功
2016-11-15 15:33:41,584 成功，zoya,删除数据库成功，数据库：zoya20161114-135214。
2016-11-15 16:51:43,877 成功，allen,创建数据库成功,数据库：allen20161115-165142
2016-11-15 16:56:46,076 成功，allen,数据库：allen20161115-165142,授权完成，用户名allen
2016-11-15 16:56:46,903 成功，allen,数据库：allen20161115-165142,修改状态为10，发送邮件成功
2016-11-15 17:15:20,918 成功，allen,删除数据库成功，数据库：allen20161115-165142。
2016-11-17 11:36:40,210 成功，zoya,创建数据库成功,数据库：zoya20161117-113638
2016-11-17 11:36:58,336 成功，jimmy,创建数据库成功,数据库：jimmy20161117-113656
2016-11-17 11:41:30,346 成功，jimmy,数据库：jimmy20161117-113656,授权完成，用户名allen
2016-11-17 11:41:30,717 成功，jimmy,数据库：jimmy20161117-113656,修改状态为10，发送邮件成功
2016-11-17 11:41:42,349 成功，zoya,数据库：zoya20161117-113638,授权完成，用户名allen
2016-11-17 11:41:42,686 成功，zoya,数据库：zoya20161117-113638,修改状态为10，发送邮件成功
2016-11-17 11:42:20,619 成功，zoya,删除数据库成功，数据库：zoya20161117-113638。
2016-11-17 13:42:36,059 成功，jimmy,删除数据库成功，数据库：jimmy20161117-113656。
2016-11-17 15:49:09,291 成功，zoya,创建数据库成功,数据库：zoya20161117-154907
2016-11-17 15:49:17,337 成功，zoya,删除数据库成功，数据库：zoya20161117-154907。
2016-11-17 15:49:37,823 成功，zoya,创建数据库成功,数据库：zoya20161117-154936
2016-11-17 15:50:09,611 失败，zoya,数据库：zoya20161117-154907,检查数据库状态失败，原因：An error occurred (DBInstanceNotFound) when calling the DescribeDBInstances operation: DBInstance zoya20161117-154907 not found.
2016-11-17 15:54:39,750 成功，zoya,数据库：zoya20161117-154936,授权完成，用户名allen
2016-11-17 15:54:40,345 成功，zoya,数据库：zoya20161117-154936,修改状态为10，发送邮件成功
2016-11-17 17:32:22,305 成功，zoya,删除数据库成功，数据库：zoya20161117-154936。
2016-11-18 09:34:16,534 成功，zoya,创建数据库成功,数据库：zoya20161118-093413
2016-11-18 09:38:16,711 成功，allen,创建数据库成功,数据库：allen20161118-093815
2016-11-18 09:39:18,674 成功，zoya,数据库：zoya20161118-093413,授权完成，用户名allen
2016-11-18 09:39:19,054 成功，zoya,数据库：zoya20161118-093413,修改状态为10，发送邮件成功
2016-11-18 09:42:48,871 成功，allen,数据库：allen20161118-093815,授权完成，用户名allen
2016-11-18 09:42:49,255 成功，allen,数据库：allen20161118-093815,修改状态为10，发送邮件成功
2016-11-18 18:36:34,708 成功，zoya,删除数据库成功，数据库：zoya20161118-093413。
2016-11-21 18:32:29,885 成功，allen,删除数据库成功，数据库：allen20161118-093815。
2016-11-22 14:47:08,259 成功，cindy,创建数据库成功,数据库：cindy20161122-144705
2016-11-22 14:52:40,978 成功，cindy,数据库：cindy20161122-144705,授权完成，用户名allen
2016-11-22 14:52:41,502 成功，cindy,数据库：cindy20161122-144705,修改状态为10，发送邮件成功
2016-11-23 10:36:03,641 成功，cindy,删除数据库成功，数据库：cindy20161122-144705。
2016-11-24 17:42:46,786 成功，allen,创建数据库成功,数据库：allen20161124-174245
2016-11-24 17:47:48,631 成功，allen,数据库：allen20161124-174245,授权完成，用户名allen
2016-11-24 17:47:49,213 成功，allen,数据库：allen20161124-174245,修改状态为10，发送邮件成功
2016-11-24 19:34:16,633 成功，allen,删除数据库成功，数据库：allen20161124-174245。
2016-11-25 11:38:37,519 成功，allen,创建数据库成功,数据库：allen20161125-113834
2016-11-25 11:43:40,133 成功，allen,数据库：allen20161125-113834,授权完成，用户名allen
2016-11-25 11:43:40,853 成功，allen,数据库：allen20161125-113834,修改状态为10，发送邮件成功
2016-11-28 13:54:10,104 成功，allen,删除数据库成功，数据库：allen20161125-113834。
2016-11-28 13:59:28,546 成功，gerry,创建数据库成功,数据库：gerry20161128-135925
2016-11-28 14:04:30,827 成功，gerry,数据库：gerry20161128-135925,授权完成，用户名allen
2016-11-28 14:04:31,439 成功，gerry,数据库：gerry20161128-135925,修改状态为10，发送邮件成功
2016-11-28 16:38:51,497 成功，allen,创建数据库成功,数据库：allen20161128-163849
2016-11-28 16:44:23,927 成功，allen,数据库：allen20161128-163849,授权完成，用户名allen
2016-11-28 16:44:24,782 成功，allen,数据库：allen20161128-163849,修改状态为10，发送邮件成功
2016-11-28 19:24:39,720 成功，allen,删除数据库成功，数据库：allen20161128-163849。
2016-11-30 16:32:44,022 成功，max,创建数据库成功,数据库：max20161130-163241
2016-11-30 16:37:46,025 成功，max,数据库：max20161130-163241,授权完成，用户名allen
2016-11-30 16:37:46,517 成功，max,数据库：max20161130-163241,修改状态为10，发送邮件成功
2016-11-30 21:34:16,850 成功，max,删除数据库成功，数据库：max20161130-163241。
2016-12-01 10:07:36,246 成功，allen,创建数据库成功,数据库：allen20161201-100734
2016-12-01 10:12:38,806 成功，allen,数据库：allen20161201-100734,授权完成，用户名allen
2016-12-01 10:12:39,494 成功，allen,数据库：allen20161201-100734,修改状态为10，发送邮件成功
2016-12-01 11:04:43,666 成功，gerry,删除数据库成功，数据库：gerry20161128-135925。
2016-12-01 14:14:33,153 成功，allen,删除数据库成功，数据库：allen20161201-100734。
2016-12-01 16:30:20,271 成功，vincent,创建数据库成功,数据库：vincent20161201-163018
2016-12-01 16:35:22,447 成功，vincent,数据库：vincent20161201-163018,授权完成，用户名allen
2016-12-01 16:35:23,067 成功，vincent,数据库：vincent20161201-163018,修改状态为10，发送邮件成功
2016-12-01 17:00:54,112 成功，vincent,删除数据库成功，数据库：vincent20161201-163018。
2016-12-05 11:01:03,359 失败，cindy,创建数据库失败,数据库：cindy20161205-110103，原因Parameter validation failed:
Invalid type for parameter DBSnapshotIdentifier, value: None, type: <type 'NoneType'>, valid types: <type 'basestring'>
2016-12-05 11:01:33,821 失败，cindy,创建数据库失败,数据库：cindy20161205-110133，原因Parameter validation failed:
Invalid type for parameter DBSnapshotIdentifier, value: None, type: <type 'NoneType'>, valid types: <type 'basestring'>
2016-12-05 11:02:22,578 成功，cindy,创建数据库成功,数据库：cindy20161205-110221
2016-12-05 11:07:24,825 成功，cindy,数据库：cindy20161205-110221,授权完成，用户名allen
2016-12-05 11:07:26,146 成功，cindy,数据库：cindy20161205-110221,修改状态为10，发送邮件成功
2016-12-06 10:11:49,330 成功，cindy,创建数据库成功,数据库：cindy20161206-101146
2016-12-06 10:12:01,213 成功，cindy,删除数据库成功，数据库：cindy20161205-110221。
2016-12-06 10:17:21,494 成功，cindy,数据库：cindy20161206-101146,授权完成，用户名allen
2016-12-06 10:17:22,151 成功，cindy,数据库：cindy20161206-101146,修改状态为10，发送邮件成功
2016-12-12 11:41:30,173 成功，cindy,删除数据库成功，数据库：cindy20161206-101146。
2016-12-13 15:51:47,232 成功，cindy,创建数据库成功,数据库：cindy20161213-155144
2016-12-13 15:57:20,520 成功，cindy,数据库：cindy20161213-155144,授权完成，用户名allen
2016-12-13 15:57:21,050 成功，cindy,数据库：cindy20161213-155144,修改状态为10，发送邮件成功
2016-12-14 03:22:40,588 成功，tommy,创建数据库成功,数据库：tommy20161214-032237
2016-12-14 03:27:42,601 成功，tommy,数据库：tommy20161214-032237,授权完成，用户名allen
2016-12-14 03:27:43,183 成功，tommy,数据库：tommy20161214-032237,修改状态为10，发送邮件成功
2016-12-14 09:56:04,661 成功，zoya,创建数据库成功,数据库：zoya20161214-095602
2016-12-14 10:01:06,454 成功，zoya,数据库：zoya20161214-095602,授权完成，用户名allen
2016-12-14 10:01:07,027 成功，zoya,数据库：zoya20161214-095602,修改状态为10，发送邮件成功
2016-12-14 17:19:06,280 成功，zoya,删除数据库成功，数据库：zoya20161214-095602。
2016-12-14 18:26:07,698 成功，cindy,删除数据库成功，数据库：cindy20161213-155144。
2016-12-14 19:11:29,251 成功，tommy,删除数据库成功，数据库：tommy20161214-032237。
2016-12-15 11:45:38,361 成功，max,创建数据库成功,数据库：max20161215-114536
2016-12-15 11:50:40,902 成功，max,数据库：max20161215-114536,授权完成，用户名allen
2016-12-15 11:50:41,626 成功，max,数据库：max20161215-114536,修改状态为10，发送邮件成功
2016-12-15 17:01:03,877 成功，gerry,创建数据库成功,数据库：gerry20161215-170100
2016-12-15 17:06:35,894 成功，gerry,数据库：gerry20161215-170100,授权完成，用户名allen
2016-12-15 17:06:36,804 成功，gerry,数据库：gerry20161215-170100,修改状态为10，发送邮件成功
2016-12-15 19:25:28,998 成功，gerry,删除数据库成功，数据库：gerry20161215-170100。
2016-12-19 18:25:50,437 成功，max,删除数据库成功，数据库：max20161215-114536。
2016-12-19 21:14:14,588 成功，allen,创建数据库成功,数据库：allen20161219-211412
2016-12-19 21:20:17,379 成功，allen,数据库：allen20161219-211412,授权完成，用户名allen
2016-12-19 21:20:18,291 成功，allen,数据库：allen20161219-211412,修改状态为10，发送邮件成功
2016-12-19 22:13:11,819 成功，allen,删除数据库成功，数据库：allen20161219-211412。
2016-12-20 11:01:57,519 成功，allen,创建数据库成功,数据库：allen20161220-110154
2016-12-20 11:08:00,082 成功，allen,数据库：allen20161220-110154,授权完成，用户名allen
2016-12-20 11:08:01,199 成功，allen,数据库：allen20161220-110154,修改状态为10，发送邮件成功
2016-12-20 14:55:21,220 成功，allen,删除数据库成功，数据库：allen20161220-110154。
2016-12-21 20:49:56,280 成功，max,创建数据库成功,数据库：max20161221-204954
2016-12-21 20:54:58,179 成功，max,数据库：max20161221-204954,授权完成，用户名allen
2016-12-21 20:54:58,944 成功，max,数据库：max20161221-204954,修改状态为10，发送邮件成功
2016-12-22 18:25:40,730 成功，max,删除数据库成功，数据库：max20161221-204954。
2016-12-22 19:38:35,956 成功，tommy,创建数据库成功,数据库：tommy20161222-193834
2016-12-22 19:43:38,251 成功，tommy,数据库：tommy20161222-193834,授权完成，用户名allen
2016-12-22 19:43:38,936 成功，tommy,数据库：tommy20161222-193834,修改状态为10，发送邮件成功
2016-12-22 21:10:02,055 成功，tommy,删除数据库成功，数据库：tommy20161222-193834。
2016-12-23 14:38:11,961 成功，tommy,创建数据库成功,数据库：tommy20161223-143809
2016-12-23 14:43:44,754 成功，tommy,数据库：tommy20161223-143809,授权完成，用户名allen
2016-12-23 14:43:45,409 成功，tommy,数据库：tommy20161223-143809,修改状态为10，发送邮件成功
2016-12-26 18:30:52,443 成功，tommy,删除数据库成功，数据库：tommy20161223-143809。
2017-01-03 16:48:41,556 成功，tommy,创建数据库成功,数据库：tommy20170103-164840
2017-01-03 16:54:13,636 成功，tommy,数据库：tommy20170103-164840,授权完成，用户名allen
2017-01-03 16:54:14,306 成功，tommy,数据库：tommy20170103-164840,修改状态为10，发送邮件成功
2017-01-03 17:24:50,050 成功，tommy,删除数据库成功，数据库：tommy20170103-164840。
2017-01-05 17:17:42,959 成功，allen,创建数据库成功,数据库：allen20170105-171740
2017-01-05 17:22:45,108 成功，allen,数据库：allen20170105-171740,授权完成，用户名allen
2017-01-05 17:22:46,189 成功，allen,数据库：allen20170105-171740,修改状态为10，发送邮件成功
2017-01-05 17:39:38,169 成功，allen,删除数据库成功，数据库：allen20170105-171740。
2017-01-06 17:10:35,585 成功，vincent,创建数据库成功,数据库：vincent20170106-171033
2017-01-06 17:15:37,842 成功，vincent,数据库：vincent20170106-171033,授权完成，用户名allen
2017-01-06 17:15:38,657 成功，vincent,数据库：vincent20170106-171033,修改状态为10，发送邮件成功
2017-01-06 18:02:11,696 成功，vincent,删除数据库成功，数据库：vincent20170106-171033。
2017-01-09 15:31:35,528 成功，vincent,创建数据库成功,数据库：vincent20170109-153133
2017-01-09 15:36:37,428 成功，vincent,数据库：vincent20170109-153133,授权完成，用户名allen
2017-01-09 15:36:37,996 成功，vincent,数据库：vincent20170109-153133,修改状态为10，发送邮件成功
2017-01-09 18:10:03,824 成功，vincent,删除数据库成功，数据库：vincent20170109-153133。
2017-01-11 11:39:58,347 成功，gerry,创建数据库成功,数据库：gerry20170111-113956
2017-01-11 11:45:30,284 成功，gerry,数据库：gerry20170111-113956,授权完成，用户名allen
2017-01-11 11:45:30,897 成功，gerry,数据库：gerry20170111-113956,修改状态为10，发送邮件成功
2017-01-12 18:26:55,385 GetEC2Info: 'module' object has no attribute 'GetMoreFilters'
2017-01-12 18:26:55,385 GetEC2Info: local variable 'allEC2Info' referenced before assignment
2017-01-12 18:27:10,487 GetEC2Info: 'module' object has no attribute 'GetMoreFilters'
2017-01-12 18:27:10,487 GetEC2Info: local variable 'allEC2Info' referenced before assignment
2017-01-13 11:37:45,142 成功，返回用户数据，UserData：#!/bin/bash
iptables -A PREROUTING -t nat -p tcp -d 0.0.0.0/0 -j DNAT --to 180.153.89.75
iptables -A INPUT -p tcp --dport 80 -i eth0 -j ACCEPT
service iptables save
service iptables restart
            
2017-01-13 11:37:46,255 成功，创建EC2实例，实例ID: i-0255cf843f99139c4
2017-01-13 11:37:46,402 成功，修改EC2实例Tag，Tag: allen-NAT
2017-01-13 11:37:47,383 GetEC2Info: allen 查询实例数据
2017-01-13 11:37:56,624 等待，分配弹性IP，当前状态: pending
2017-01-13 11:38:12,488 成功，分配弹性IP成功，AssociationId: {u'AssociationId': 'eipassoc-4c804c71', 'ResponseMetadata': {'HTTPStatusCode': 200, 'RequestId': 'd9159368-3f68-47e3-a2b6-f3dd3b2f6fcd'}}
2017-01-13 11:44:29,432 GetEC2Info: allen 查询实例数据
2017-01-13 11:46:30,747 成功，返回用户数据，UserData：#!/bin/bash
iptables -A PREROUTING -t nat -p tcp -d 0.0.0.0/0 -j DNAT --to 180.153.89.75
iptables -A INPUT -p tcp --dport 80 -i eth0 -j ACCEPT
service iptables save
service iptables restart
            
2017-01-13 11:46:31,447 成功，创建EC2实例，实例ID: i-03f9d93050e137ba1
2017-01-13 11:46:31,583 成功，修改EC2实例Tag，Tag: max-NAT
2017-01-13 11:46:32,583 GetEC2Info: max 查询实例数据
2017-01-13 11:46:41,822 等待，分配弹性IP，当前状态: pending
2017-01-13 11:46:55,205 成功: 删除 EC2: ['i-03f9d93050e137ba1']，不删除的 EC2：[] 
2017-01-13 11:46:56,960 等待，分配弹性IP，当前状态: shutting-down
2017-01-13 11:47:01,498 GetEC2Info: max 查询实例数据
2017-01-13 11:47:12,074 等待，分配弹性IP，当前状态: shutting-down
2017-01-13 11:47:27,233 等待，分配弹性IP，当前状态: shutting-down
2017-01-13 11:47:42,364 等待，分配弹性IP，当前状态: terminated
2017-01-13 11:47:57,638 等待，分配弹性IP，当前状态: terminated
2017-01-13 11:48:12,758 等待，分配弹性IP，当前状态: terminated
2017-01-13 11:48:27,879 等待，分配弹性IP，当前状态: terminated
2017-01-13 11:48:43,019 等待，分配弹性IP，当前状态: terminated
2017-01-13 11:48:58,132 等待，分配弹性IP，当前状态: terminated
2017-01-13 11:49:13,257 等待，分配弹性IP，当前状态: terminated
2017-01-13 11:49:28,385 等待，分配弹性IP，当前状态: terminated
2017-01-13 11:49:43,471 等待，分配弹性IP，当前状态: terminated
2017-01-13 11:49:58,553 等待，分配弹性IP，当前状态: terminated
2017-01-13 11:50:13,709 等待，分配弹性IP，当前状态: terminated
2017-01-13 11:50:28,827 等待，分配弹性IP，当前状态: terminated
2017-01-13 11:50:43,934 等待，分配弹性IP，当前状态: terminated
2017-01-13 11:50:59,045 等待，分配弹性IP，当前状态: terminated
2017-01-13 11:51:14,129 等待，分配弹性IP，当前状态: terminated
2017-01-13 11:51:29,218 等待，分配弹性IP，当前状态: terminated
2017-01-13 11:51:44,299 等待，分配弹性IP，当前状态: terminated
2017-01-13 11:51:59,391 等待，分配弹性IP，当前状态: terminated
2017-01-13 11:52:14,523 等待，分配弹性IP，当前状态: terminated
2017-01-13 11:52:29,633 等待，分配弹性IP，当前状态: terminated
2017-01-13 11:52:44,753 等待，分配弹性IP，当前状态: terminated
2017-01-13 11:52:59,869 等待，分配弹性IP，当前状态: terminated
2017-01-13 11:53:14,982 等待，分配弹性IP，当前状态: terminated
2017-01-13 11:53:30,085 等待，分配弹性IP，当前状态: terminated
2017-01-13 11:53:45,199 等待，分配弹性IP，当前状态: terminated
2017-01-13 11:54:00,485 等待，分配弹性IP，当前状态: terminated
2017-01-13 11:54:15,600 等待，分配弹性IP，当前状态: terminated
2017-01-13 11:54:30,709 等待，分配弹性IP，当前状态: terminated
2017-01-13 11:54:45,819 等待，分配弹性IP，当前状态: terminated
2017-01-13 11:55:00,938 等待，分配弹性IP，当前状态: terminated
2017-01-13 11:55:16,052 等待，分配弹性IP，当前状态: terminated
2017-01-13 11:55:31,214 等待，分配弹性IP，当前状态: terminated
2017-01-13 11:55:46,326 等待，分配弹性IP，当前状态: terminated
2017-01-13 11:56:02,021 等待，分配弹性IP，当前状态: terminated
2017-01-13 11:56:17,119 等待，分配弹性IP，当前状态: terminated
2017-01-13 11:56:32,217 等待，分配弹性IP，当前状态: terminated
2017-01-13 11:56:47,320 等待，分配弹性IP，当前状态: terminated
2017-01-13 11:57:02,468 等待，分配弹性IP，当前状态: terminated
2017-01-13 11:57:17,568 等待，分配弹性IP，当前状态: terminated
2017-01-13 11:57:32,673 等待，分配弹性IP，当前状态: terminated
2017-01-13 11:57:47,822 等待，分配弹性IP，当前状态: terminated
2017-01-13 11:58:02,930 等待，分配弹性IP，当前状态: terminated
2017-01-13 11:58:18,047 等待，分配弹性IP，当前状态: terminated
2017-01-13 11:58:33,437 等待，分配弹性IP，当前状态: terminated
2017-01-13 11:58:48,548 等待，分配弹性IP，当前状态: terminated
2017-01-13 11:59:03,893 等待，分配弹性IP，当前状态: terminated
2017-01-13 11:59:19,008 等待，分配弹性IP，当前状态: terminated
2017-01-13 11:59:34,435 等待，分配弹性IP，当前状态: terminated
2017-01-13 11:59:49,546 等待，分配弹性IP，当前状态: terminated
2017-01-13 12:00:04,690 等待，分配弹性IP，当前状态: terminated
2017-01-13 12:00:19,818 等待，分配弹性IP，当前状态: terminated
2017-01-13 12:00:36,015 等待，分配弹性IP，当前状态: terminated
2017-01-13 12:00:51,128 等待，分配弹性IP，当前状态: terminated
2017-01-13 12:01:06,260 等待，分配弹性IP，当前状态: terminated
2017-01-13 12:01:21,378 等待，分配弹性IP，当前状态: terminated
2017-01-13 12:01:36,509 等待，分配弹性IP，当前状态: terminated
2017-01-13 12:01:51,637 等待，分配弹性IP，当前状态: terminated
2017-01-13 12:02:06,785 等待，分配弹性IP，当前状态: terminated
2017-01-13 12:02:21,927 等待，分配弹性IP，当前状态: terminated
2017-01-13 12:02:37,196 等待，分配弹性IP，当前状态: terminated
2017-01-13 12:02:52,308 等待，分配弹性IP，当前状态: terminated
2017-01-13 12:03:07,409 等待，分配弹性IP，当前状态: terminated
2017-01-13 12:03:22,521 等待，分配弹性IP，当前状态: terminated
2017-01-13 12:03:37,640 等待，分配弹性IP，当前状态: terminated
2017-01-13 12:03:52,940 等待，分配弹性IP，当前状态: terminated
2017-01-13 12:04:08,056 等待，分配弹性IP，当前状态: terminated
2017-01-13 12:04:23,231 等待，分配弹性IP，当前状态: terminated
2017-01-13 12:04:38,355 等待，分配弹性IP，当前状态: terminated
2017-01-13 12:04:53,469 等待，分配弹性IP，当前状态: terminated
2017-01-13 12:05:08,662 等待，分配弹性IP，当前状态: terminated
2017-01-13 12:05:23,757 等待，分配弹性IP，当前状态: terminated
2017-01-13 12:05:38,876 等待，分配弹性IP，当前状态: terminated
2017-01-13 12:05:53,985 等待，分配弹性IP，当前状态: terminated
2017-01-13 12:06:09,311 等待，分配弹性IP，当前状态: terminated
2017-01-13 12:06:24,402 等待，分配弹性IP，当前状态: terminated
2017-01-13 12:06:39,541 等待，分配弹性IP，当前状态: terminated
2017-01-13 12:06:54,672 等待，分配弹性IP，当前状态: terminated
2017-01-13 12:07:09,809 等待，分配弹性IP，当前状态: terminated
2017-01-13 12:07:24,954 等待，分配弹性IP，当前状态: terminated
2017-01-13 12:07:40,057 等待，分配弹性IP，当前状态: terminated
2017-01-13 12:07:55,163 等待，分配弹性IP，当前状态: terminated
2017-01-13 12:08:10,299 等待，分配弹性IP，当前状态: terminated
2017-01-13 12:08:25,383 等待，分配弹性IP，当前状态: terminated
2017-01-13 12:08:40,455 等待，分配弹性IP，当前状态: terminated
2017-01-13 12:08:55,548 等待，分配弹性IP，当前状态: terminated
2017-01-13 12:09:10,643 等待，分配弹性IP，当前状态: terminated
2017-01-13 12:09:25,758 等待，分配弹性IP，当前状态: terminated
2017-01-13 12:09:40,859 等待，分配弹性IP，当前状态: terminated
2017-01-13 12:09:55,986 等待，分配弹性IP，当前状态: terminated
2017-01-13 12:10:11,165 等待，分配弹性IP，当前状态: terminated
2017-01-13 12:10:26,430 等待，分配弹性IP，当前状态: terminated
2017-01-13 12:10:41,529 等待，分配弹性IP，当前状态: terminated
2017-01-13 12:10:56,614 等待，分配弹性IP，当前状态: terminated
2017-01-13 12:11:13,703 等待，分配弹性IP，当前状态: terminated
2017-01-13 12:11:29,298 等待，分配弹性IP，当前状态: terminated
2017-01-13 12:11:44,433 等待，分配弹性IP，当前状态: terminated
2017-01-13 12:11:59,565 等待，分配弹性IP，当前状态: terminated
2017-01-13 12:12:15,006 等待，分配弹性IP，当前状态: terminated
2017-01-13 12:12:30,123 等待，分配弹性IP，当前状态: terminated
2017-01-13 12:12:45,242 等待，分配弹性IP，当前状态: terminated
2017-01-13 12:13:00,383 等待，分配弹性IP，当前状态: terminated
2017-01-13 12:13:15,491 等待，分配弹性IP，当前状态: terminated
2017-01-13 12:13:30,658 等待，分配弹性IP，当前状态: terminated
2017-01-13 12:13:45,934 等待，分配弹性IP，当前状态: terminated
2017-01-13 12:14:01,054 等待，分配弹性IP，当前状态: terminated
2017-01-13 12:14:16,413 等待，分配弹性IP，当前状态: terminated
2017-01-13 12:14:31,540 等待，分配弹性IP，当前状态: terminated
2017-01-13 12:14:46,648 等待，分配弹性IP，当前状态: terminated
2017-01-13 12:15:01,771 等待，分配弹性IP，当前状态: terminated
2017-01-13 12:15:16,881 等待，分配弹性IP，当前状态: terminated
2017-01-13 12:15:31,994 等待，分配弹性IP，当前状态: terminated
2017-01-13 12:15:47,172 等待，分配弹性IP，当前状态: terminated
2017-01-13 12:16:02,285 等待，分配弹性IP，当前状态: terminated
2017-01-13 12:16:17,404 等待，分配弹性IP，当前状态: terminated
2017-01-13 12:16:32,553 等待，分配弹性IP，当前状态: terminated
2017-01-13 12:16:47,681 等待，分配弹性IP，当前状态: terminated
2017-01-13 12:17:03,522 等待，分配弹性IP，当前状态: terminated
2017-01-13 12:17:18,674 等待，分配弹性IP，当前状态: terminated
2017-01-13 12:17:33,777 等待，分配弹性IP，当前状态: terminated
2017-01-13 12:17:48,896 等待，分配弹性IP，当前状态: terminated
2017-01-13 12:18:04,062 等待，分配弹性IP，当前状态: terminated
2017-01-13 12:18:19,207 等待，分配弹性IP，当前状态: terminated
2017-01-13 12:18:34,329 等待，分配弹性IP，当前状态: terminated
2017-01-13 12:18:49,425 等待，分配弹性IP，当前状态: terminated
2017-01-13 12:19:04,562 等待，分配弹性IP，当前状态: terminated
2017-01-13 12:19:19,682 等待，分配弹性IP，当前状态: terminated
2017-01-13 12:19:34,980 等待，分配弹性IP，当前状态: terminated
2017-01-13 12:19:50,092 等待，分配弹性IP，当前状态: terminated
2017-01-13 12:20:05,210 等待，分配弹性IP，当前状态: terminated
2017-01-13 12:20:20,315 等待，分配弹性IP，当前状态: terminated
2017-01-13 12:20:35,439 等待，分配弹性IP，当前状态: terminated
2017-01-13 12:20:50,545 等待，分配弹性IP，当前状态: terminated
2017-01-13 12:21:05,681 等待，分配弹性IP，当前状态: terminated
2017-01-13 12:21:20,807 等待，分配弹性IP，当前状态: terminated
2017-01-13 12:21:35,898 等待，分配弹性IP，当前状态: terminated
2017-01-13 12:21:51,015 等待，分配弹性IP，当前状态: terminated
2017-01-13 12:22:06,143 等待，分配弹性IP，当前状态: terminated
2017-01-13 12:22:21,238 等待，分配弹性IP，当前状态: terminated
2017-01-13 12:22:36,627 等待，分配弹性IP，当前状态: terminated
2017-01-13 12:22:51,763 等待，分配弹性IP，当前状态: terminated
2017-01-13 12:23:06,879 等待，分配弹性IP，当前状态: terminated
2017-01-13 12:23:22,002 等待，分配弹性IP，当前状态: terminated
2017-01-13 12:23:37,128 等待，分配弹性IP，当前状态: terminated
2017-01-13 12:23:52,244 等待，分配弹性IP，当前状态: terminated
2017-01-13 12:24:07,372 等待，分配弹性IP，当前状态: terminated
2017-01-13 12:24:22,695 等待，分配弹性IP，当前状态: terminated
2017-01-13 12:24:37,816 等待，分配弹性IP，当前状态: terminated
2017-01-13 12:24:52,927 等待，分配弹性IP，当前状态: terminated
2017-01-13 12:25:08,077 等待，分配弹性IP，当前状态: terminated
2017-01-13 12:25:23,189 等待，分配弹性IP，当前状态: terminated
2017-01-13 12:25:38,381 等待，分配弹性IP，当前状态: terminated
2017-01-13 12:25:53,462 等待，分配弹性IP，当前状态: terminated
2017-01-13 12:26:08,715 等待，分配弹性IP，当前状态: terminated
2017-01-13 12:26:23,811 等待，分配弹性IP，当前状态: terminated
2017-01-13 12:26:38,941 等待，分配弹性IP，当前状态: terminated
2017-01-13 12:26:54,120 等待，分配弹性IP，当前状态: terminated
2017-01-13 12:27:09,237 等待，分配弹性IP，当前状态: terminated
2017-01-13 12:27:24,347 等待，分配弹性IP，当前状态: terminated
2017-01-13 12:27:39,460 等待，分配弹性IP，当前状态: terminated
2017-01-13 12:27:54,634 等待，分配弹性IP，当前状态: terminated
2017-01-13 12:28:09,926 等待，分配弹性IP，当前状态: terminated
2017-01-13 12:28:25,264 等待，分配弹性IP，当前状态: terminated
2017-01-13 12:28:40,374 等待，分配弹性IP，当前状态: terminated
2017-01-13 12:28:55,481 等待，分配弹性IP，当前状态: terminated
2017-01-13 12:29:10,591 等待，分配弹性IP，当前状态: terminated
2017-01-13 12:29:25,704 等待，分配弹性IP，当前状态: terminated
2017-01-13 12:29:40,881 等待，分配弹性IP，当前状态: terminated
2017-01-13 12:29:55,962 等待，分配弹性IP，当前状态: terminated
2017-01-13 12:30:11,087 等待，分配弹性IP，当前状态: terminated
2017-01-13 12:30:26,204 等待，分配弹性IP，当前状态: terminated
2017-01-13 12:30:41,331 等待，分配弹性IP，当前状态: terminated
2017-01-13 12:30:56,448 等待，分配弹性IP，当前状态: terminated
2017-01-13 12:31:11,589 等待，分配弹性IP，当前状态: terminated
2017-01-13 12:31:26,704 等待，分配弹性IP，当前状态: terminated
2017-01-13 12:31:41,822 等待，分配弹性IP，当前状态: terminated
2017-01-13 12:31:56,931 等待，分配弹性IP，当前状态: terminated
2017-01-13 12:32:12,341 等待，分配弹性IP，当前状态: terminated
2017-01-13 12:32:27,475 等待，分配弹性IP，当前状态: terminated
2017-01-13 12:32:42,559 等待，分配弹性IP，当前状态: terminated
2017-01-13 12:32:57,667 等待，分配弹性IP，当前状态: terminated
2017-01-13 12:33:12,820 等待，分配弹性IP，当前状态: terminated
2017-01-13 12:33:27,911 等待，分配弹性IP，当前状态: terminated
2017-01-13 12:33:43,016 等待，分配弹性IP，当前状态: terminated
2017-01-13 12:33:58,141 等待，分配弹性IP，当前状态: terminated
2017-01-13 12:34:13,253 等待，分配弹性IP，当前状态: terminated
2017-01-13 12:34:28,358 等待，分配弹性IP，当前状态: terminated
2017-01-13 12:34:43,469 等待，分配弹性IP，当前状态: terminated
2017-01-13 12:34:58,581 等待，分配弹性IP，当前状态: terminated
2017-01-13 12:35:13,979 等待，分配弹性IP，当前状态: terminated
2017-01-13 12:35:29,116 等待，分配弹性IP，当前状态: terminated
2017-01-13 12:35:44,247 等待，分配弹性IP，当前状态: terminated
2017-01-13 12:35:59,585 等待，分配弹性IP，当前状态: terminated
2017-01-13 12:36:14,738 等待，分配弹性IP，当前状态: terminated
2017-01-13 12:36:29,849 等待，分配弹性IP，当前状态: terminated
2017-01-13 12:36:44,969 等待，分配弹性IP，当前状态: terminated
2017-01-13 12:37:00,115 等待，分配弹性IP，当前状态: terminated
2017-01-13 12:37:15,238 等待，分配弹性IP，当前状态: terminated
2017-01-13 12:37:30,368 等待，分配弹性IP，当前状态: terminated
2017-01-13 12:37:45,469 等待，分配弹性IP，当前状态: terminated
2017-01-13 12:38:00,578 等待，分配弹性IP，当前状态: terminated
2017-01-13 12:38:15,809 等待，分配弹性IP，当前状态: terminated
2017-01-13 12:38:30,915 等待，分配弹性IP，当前状态: terminated
2017-01-13 12:38:46,040 等待，分配弹性IP，当前状态: terminated
2017-01-13 12:39:01,195 等待，分配弹性IP，当前状态: terminated
2017-01-13 12:39:16,303 等待，分配弹性IP，当前状态: terminated
2017-01-13 12:39:31,397 等待，分配弹性IP，当前状态: terminated
2017-01-13 12:39:46,488 等待，分配弹性IP，当前状态: terminated
2017-01-13 12:40:01,815 等待，分配弹性IP，当前状态: terminated
2017-01-13 12:40:16,924 等待，分配弹性IP，当前状态: terminated
2017-01-13 12:40:32,055 等待，分配弹性IP，当前状态: terminated
2017-01-13 12:40:47,161 等待，分配弹性IP，当前状态: terminated
2017-01-13 12:41:02,459 等待，分配弹性IP，当前状态: terminated
2017-01-13 12:41:17,578 等待，分配弹性IP，当前状态: terminated
2017-01-13 12:41:32,677 等待，分配弹性IP，当前状态: terminated
2017-01-13 12:41:47,785 等待，分配弹性IP，当前状态: terminated
2017-01-13 12:42:02,926 等待，分配弹性IP，当前状态: terminated
2017-01-13 12:42:18,042 等待，分配弹性IP，当前状态: terminated
2017-01-13 12:42:33,166 等待，分配弹性IP，当前状态: terminated
2017-01-13 12:42:48,285 等待，分配弹性IP，当前状态: terminated
2017-01-13 12:43:03,562 等待，分配弹性IP，当前状态: terminated
2017-01-13 12:43:18,674 等待，分配弹性IP，当前状态: terminated
2017-01-13 12:43:33,791 等待，分配弹性IP，当前状态: terminated
2017-01-13 12:43:48,914 等待，分配弹性IP，当前状态: terminated
2017-01-13 12:44:04,021 等待，分配弹性IP，当前状态: terminated
2017-01-13 12:44:19,127 等待，分配弹性IP，当前状态: terminated
2017-01-13 12:44:34,287 等待，分配弹性IP，当前状态: terminated
2017-01-13 12:44:49,406 等待，分配弹性IP，当前状态: terminated
2017-01-13 12:45:04,543 等待，分配弹性IP，当前状态: terminated
2017-01-13 12:45:19,667 等待，分配弹性IP，当前状态: terminated
2017-01-13 12:45:34,789 等待，分配弹性IP，当前状态: terminated
2017-01-13 12:45:49,929 等待，分配弹性IP，当前状态: terminated
2017-01-13 12:46:05,113 等待，分配弹性IP，当前状态: terminated
2017-01-13 12:46:20,236 等待，分配弹性IP，当前状态: terminated
2017-01-13 12:46:35,356 等待，分配弹性IP，当前状态: terminated
2017-01-13 12:46:50,492 等待，分配弹性IP，当前状态: terminated
2017-01-13 12:47:05,645 等待，分配弹性IP，当前状态: terminated
2017-01-13 12:47:20,749 等待，分配弹性IP，当前状态: terminated
2017-01-13 14:47:28,348 成功: 删除 EC2: ['i-0255cf843f99139c4']，不删除的 EC2：[] 
2017-01-13 14:53:33,104 GetEC2Info: William 查询实例数据
2017-01-13 14:53:44,692 成功，返回用户数据，UserData：#!/bin/bash
iptables -A PREROUTING -t nat -p tcp -d 0.0.0.0/0 -j DNAT --to 116.58.219.221
iptables -A INPUT -p tcp --dport 80 -i eth0 -j ACCEPT
iptables -A INPUT -p tcp --dport 8000 -i eth0 -j ACCEPT
service iptables save
service iptables restart
            
2017-01-13 14:53:45,753 成功，创建EC2实例，实例ID: i-015a891a698872eaa
2017-01-13 14:53:45,902 成功，修改EC2实例Tag，Tag: William-NAT
2017-01-13 14:53:46,437 GetEC2Info: William 查询实例数据
2017-01-13 14:53:56,148 等待，分配弹性IP，当前状态: pending
2017-01-13 14:54:14,228 成功，分配弹性IP成功，AssociationId: {u'AssociationId': 'eipassoc-c2a965ff', 'ResponseMetadata': {'HTTPStatusCode': 200, 'RequestId': 'e5bfc9e1-d230-4202-9783-755affa82ef3'}}
2017-01-13 14:54:25,853 GetEC2Info: William 查询实例数据
2017-01-13 14:55:37,064 GetEC2Info: William 查询实例数据
2017-01-16 10:12:11,820 成功，allen,创建数据库成功,数据库：allen20170116-101209
2017-01-16 10:13:44,457 成功，zoya,创建数据库成功,数据库：zoya20170116-101343
2017-01-16 10:17:13,777 成功，allen,数据库：allen20170116-101209,授权完成，用户名allen
2017-01-16 10:17:14,561 成功，allen,数据库：allen20170116-101209,修改状态为10，发送邮件成功
2017-01-16 10:18:46,749 成功，zoya,数据库：zoya20170116-101343,授权完成，用户名allen
2017-01-16 10:18:47,234 成功，zoya,数据库：zoya20170116-101343,修改状态为10，发送邮件成功
2017-01-16 10:48:39,003 GetEC2Info: William 查询实例数据
2017-01-16 10:49:28,026 GetEC2Info: William 查询实例数据
2017-01-16 10:55:00,043 失败: 删除 EC2: []，失败原因：list.remove(x): x not in list
2017-01-16 10:55:03,578 GetEC2Info: William 查询实例数据
2017-01-16 10:55:05,948 失败: 删除 EC2: []，失败原因：list.remove(x): x not in list
2017-01-16 11:01:21,727 GetEC2Info: William 查询实例数据
2017-01-16 11:01:54,728 失败: 删除 EC2: []，失败原因：list.remove(x): x not in list
2017-01-16 11:01:58,447 GetEC2Info: William 查询实例数据
2017-01-16 11:02:05,286 GetEC2Info: William 查询实例数据
2017-01-16 11:02:14,175 成功，返回用户数据，UserData：#!/bin/bash
iptables -A PREROUTING -t nat -p tcp -d 0.0.0.0/0 -j DNAT --to 116.58.219.206
iptables -A INPUT -p tcp --dport 80 -i eth0 -j ACCEPT
iptables -A INPUT -p tcp --dport 8000 -i eth0 -j ACCEPT
iptables -A INPUT -p tcp --dport 2202 -i eth0 -j ACCEPT
service iptables save
service iptables restart
            
2017-01-16 11:02:14,891 成功，创建EC2实例，实例ID: i-0f43110a56511d337
2017-01-16 11:02:15,059 成功，修改EC2实例Tag，Tag: William-NAT
2017-01-16 11:02:15,697 GetEC2Info: William 查询实例数据
2017-01-16 11:02:25,824 等待，分配弹性IP，当前状态: pending
2017-01-16 11:02:41,590 成功，分配弹性IP成功，AssociationId: {u'AssociationId': 'eipassoc-40549b7d', 'ResponseMetadata': {'HTTPStatusCode': 200, 'RequestId': '1fadf3c0-7e66-47c6-bc64-69be76b072d4'}}
2017-01-16 11:02:45,207 GetEC2Info: William 查询实例数据
2017-01-16 11:02:49,381 成功: 删除 EC2: ['i-015a891a698872eaa']，不删除的 EC2：[] 
2017-01-16 11:02:55,869 成功，返回用户数据，UserData：#!/bin/bash
iptables -A PREROUTING -t nat -p tcp -d 0.0.0.0/0 -j DNAT --to 116.58.219.206
iptables -A INPUT -p tcp --dport 80 -i eth0 -j ACCEPT
iptables -A INPUT -p tcp --dport 8000 -i eth0 -j ACCEPT
iptables -A INPUT -p tcp --dport 2202 -i eth0 -j ACCEPT
service iptables save
service iptables restart
            
2017-01-16 11:02:56,541 成功，创建EC2实例，实例ID: i-0e78af7e34b895544
2017-01-16 11:02:56,664 成功，修改EC2实例Tag，Tag: William-NAT
2017-01-16 11:02:57,153 GetEC2Info: William 查询实例数据
2017-01-16 11:03:06,904 等待，分配弹性IP，当前状态: pending
2017-01-16 11:03:22,579 成功，分配弹性IP成功，AssociationId: {u'AssociationId': 'eipassoc-d8539ce5', 'ResponseMetadata': {'HTTPStatusCode': 200, 'RequestId': 'a2424774-e884-4296-9014-b56abb3151ed'}}
2017-01-16 11:04:16,627 GetEC2Info: William 查询实例数据
2017-01-16 11:04:19,030 成功，返回用户数据，UserData：#!/bin/bash
iptables -A PREROUTING -t nat -p tcp -d 0.0.0.0/0 -j DNAT --to 116.58.219.206
iptables -A INPUT -p tcp --dport 80 -i eth0 -j ACCEPT
iptables -A INPUT -p tcp --dport 8000 -i eth0 -j ACCEPT
iptables -A INPUT -p tcp --dport 2202 -i eth0 -j ACCEPT
service iptables save
service iptables restart
            
2017-01-16 11:04:19,970 成功，创建EC2实例，实例ID: i-093c633a75122808e
2017-01-16 11:04:20,082 成功，修改EC2实例Tag，Tag: William-NAT
2017-01-16 11:04:20,296 成功，返回用户数据，UserData：#!/bin/bash
iptables -A PREROUTING -t nat -p tcp -d 0.0.0.0/0 -j DNAT --to 116.58.219.206
iptables -A INPUT -p tcp --dport 80 -i eth0 -j ACCEPT
iptables -A INPUT -p tcp --dport 8000 -i eth0 -j ACCEPT
iptables -A INPUT -p tcp --dport 2202 -i eth0 -j ACCEPT
service iptables save
service iptables restart
            
2017-01-16 11:04:20,962 成功，创建EC2实例，实例ID: i-038edc485ba247380
2017-01-16 11:04:21,087 成功，修改EC2实例Tag，Tag: William-NAT
2017-01-16 11:04:21,141 GetEC2Info: William 查询实例数据
2017-01-16 11:04:21,724 GetEC2Info: William 查询实例数据
2017-01-16 11:04:30,286 等待，分配弹性IP，当前状态: pending
2017-01-16 11:04:31,300 等待，分配弹性IP，当前状态: pending
2017-01-16 11:04:45,998 成功，分配弹性IP成功，AssociationId: {u'AssociationId': 'eipassoc-06529d3b', 'ResponseMetadata': {'HTTPStatusCode': 200, 'RequestId': '89c50c88-a832-47d7-9355-c7b2baa7cd0e'}}
2017-01-16 11:04:47,065 成功，分配弹性IP成功，AssociationId: {u'AssociationId': 'eipassoc-08539c35', 'ResponseMetadata': {'HTTPStatusCode': 200, 'RequestId': '4617f108-24d0-4971-bfb6-9fff381f6d0d'}}
2017-01-16 11:15:56,097 成功，zoya,删除数据库成功，数据库：zoya20170116-101343。
2017-01-16 11:27:13,610 成功，返回用户数据，UserData：#!/bin/bash
iptables -A PREROUTING -t nat -p tcp -d 0.0.0.0/0 -j DNAT --to 180.153.89.75
iptables -A INPUT -p tcp --dport 80 -i eth0 -j ACCEPT
iptables -A INPUT -p tcp --dport 8000 -i eth0 -j ACCEPT
iptables -A INPUT -p tcp --dport 2202 -i eth0 -j ACCEPT
service iptables save
service iptables restart
            
2017-01-16 11:27:14,367 成功，创建EC2实例，实例ID: i-0a99a7057448c8d89
2017-01-16 11:27:14,490 成功，修改EC2实例Tag，Tag: allen-NAT
2017-01-16 11:27:15,512 GetEC2Info: allen 查询实例数据
2017-01-16 11:27:21,966 GetEC2Info: allen 查询实例数据
2017-01-16 11:27:24,696 等待，分配弹性IP，当前状态: pending
2017-01-16 11:27:33,885 GetEC2Info: allen 查询实例数据
2017-01-16 11:27:40,383 成功，分配弹性IP成功，AssociationId: {u'AssociationId': 'eipassoc-5c6fa061', 'ResponseMetadata': {'HTTPStatusCode': 200, 'RequestId': '50cb297c-d40d-4587-87b4-fc908a2556dd'}}
2017-01-16 11:28:54,509 GetEC2Info: allen 查询实例数据
2017-01-16 11:29:25,061 GetEC2Info: allen 查询实例数据
2017-01-16 11:29:56,561 GetEC2Info: allen 查询实例数据
2017-01-16 11:31:13,791 GetEC2Info: allen 查询实例数据
2017-01-16 11:33:17,058 GetEC2Info: allen 查询实例数据
2017-01-16 13:56:24,976 成功: 删除 EC2: ['i-0a99a7057448c8d89']，不删除的 EC2：[] 
2017-01-17 18:05:49,609 成功，gerry,删除数据库成功，数据库：gerry20170111-113956。
2017-01-18 11:45:48,184 成功，allen,删除数据库成功，数据库：allen20170116-101209。
2017-01-19 11:47:35,406 成功，Brian,创建数据库成功,数据库：Brian20170119-114733
2017-01-19 11:48:18,460 成功，cindy,创建数据库成功,数据库：cindy20170119-114815
2017-01-19 11:52:37,113 成功，Brian,数据库：Brian20170119-114733,授权完成，用户名allen
2017-01-19 11:52:37,657 成功，Brian,数据库：Brian20170119-114733,修改状态为10，发送邮件成功
2017-01-19 11:53:20,155 成功，cindy,数据库：cindy20170119-114815,授权完成，用户名allen
2017-01-19 11:53:20,652 成功，cindy,数据库：cindy20170119-114815,修改状态为10，发送邮件成功
2017-01-19 11:58:28,886 成功，Brian,删除数据库成功，数据库：Brian20170119-114733。
2017-01-19 18:25:31,784 成功，cindy,删除数据库成功，数据库：cindy20170119-114815。
2017-01-23 16:22:10,597 成功，返回用户数据，UserData：#!/bin/bash
iptables -A PREROUTING -t nat -p tcp -d 0.0.0.0/0 -j DNAT --to 180.153.89.75
iptables -A INPUT -p tcp --dport 80 -i eth0 -j ACCEPT
iptables -A INPUT -p tcp --dport 8000 -i eth0 -j ACCEPT
iptables -A INPUT -p tcp --dport 2202 -i eth0 -j ACCEPT
service iptables save
service iptables restart
            
2017-01-23 16:22:11,586 成功，创建EC2实例，实例ID: i-0dd1e7ec5e245fec6
2017-01-23 16:22:11,779 成功，修改EC2实例Tag，Tag: max-NAT
2017-01-23 16:22:12,989 GetEC2Info: max 查询实例数据
2017-01-23 16:22:22,022 等待，分配弹性IP，当前状态: pending
2017-01-23 16:22:37,675 成功，分配弹性IP成功，AssociationId: {u'AssociationId': 'eipassoc-96af65ab', 'ResponseMetadata': {'HTTPStatusCode': 200, 'RequestId': 'd99bf3ae-1573-4e31-8d54-8ea304d92f03'}}
2017-01-23 16:25:00,433 GetEC2Info: max 查询实例数据
2017-01-24 09:44:04,076 失败: 删除 EC2: [u'i-0dd1e7ec5e245fec6']，失败原因：An error occurred (InvalidParameterCombination) when calling the TerminateInstances operation: No instances specified
2017-01-24 14:00:35,950 GetEC2Info: max 查询实例数据
2017-01-24 14:00:39,241 成功: 删除 EC2: ['i-0dd1e7ec5e245fec6']，不删除的 EC2：[] 
2017-01-24 14:00:56,733 GetEC2Info: max 查询实例数据
2017-01-25 11:24:34,169 成功，返回用户数据，UserData：#!/bin/bash
iptables -A PREROUTING -t nat -p tcp -d 0.0.0.0/0 -j DNAT --to 180.153.89.75
iptables -A INPUT -p tcp --dport 80 -i eth0 -j ACCEPT
iptables -A INPUT -p tcp --dport 8000 -i eth0 -j ACCEPT
iptables -A INPUT -p tcp --dport 2202 -i eth0 -j ACCEPT
service iptables save
service iptables restart
            
2017-01-25 11:24:35,304 成功，创建EC2实例，实例ID: i-0c10b2b1e6d90841c
2017-01-25 11:24:35,470 成功，修改EC2实例Tag，Tag: max-NAT
2017-01-25 11:24:45,706 等待，分配弹性IP，当前状态: pending
2017-01-25 11:25:01,310 成功，分配弹性IP成功，AssociationId: {u'AssociationId': 'eipassoc-f8b065c5', 'ResponseMetadata': {'HTTPStatusCode': 200, 'RequestId': '6e941328-6dbc-4db8-84c8-3c4ea9d174b4'}}
2017-01-25 11:25:14,220 成功，返回用户数据，UserData：#!/bin/bash
iptables -A PREROUTING -t nat -p tcp -d 0.0.0.0/0 -j DNAT --to 180.153.89.75
iptables -A INPUT -p tcp --dport 80 -i eth0 -j ACCEPT
iptables -A INPUT -p tcp --dport 8000 -i eth0 -j ACCEPT
iptables -A INPUT -p tcp --dport 2202 -i eth0 -j ACCEPT
service iptables save
service iptables restart
            
2017-01-25 11:25:15,150 成功，创建EC2实例，实例ID: i-0795a49ba4c50ff53
2017-01-25 11:25:15,339 成功，修改EC2实例Tag，Tag: max-NAT
2017-01-25 11:25:19,843 GetEC2Info: max 查询实例数据
2017-01-25 11:25:25,601 等待，分配弹性IP，当前状态: pending
2017-01-25 11:25:41,552 成功，分配弹性IP成功，AssociationId: {u'AssociationId': 'eipassoc-f5b065c8', 'ResponseMetadata': {'HTTPStatusCode': 200, 'RequestId': '21cd33ab-0f16-40ec-8e50-c9200419d661'}}
2017-01-25 11:56:15,771 成功，返回用户数据，UserData：#!/bin/bash
iptables -A PREROUTING -t nat -p tcp -d 0.0.0.0/0 -j DNAT --to 180.153.89.75
iptables -A INPUT -p tcp --dport 80 -i eth0 -j ACCEPT
iptables -A INPUT -p tcp --dport 8000 -i eth0 -j ACCEPT
iptables -A INPUT -p tcp --dport 2202 -i eth0 -j ACCEPT
service iptables save
service iptables restart
            
2017-01-25 11:56:16,812 成功，创建EC2实例，实例ID: i-0667ab0896920c661
2017-01-25 11:56:16,938 成功，修改EC2实例Tag，Tag: max-NAT
2017-01-25 11:56:17,975 GetEC2Info: max 查询实例数据
2017-01-25 11:56:27,210 等待，分配弹性IP，当前状态: pending
2017-01-25 11:56:27,898 成功: 删除 EC2: ['i-0795a49ba4c50ff53']，不删除的 EC2：[] 
2017-01-25 11:56:31,040 GetEC2Info: max 查询实例数据
2017-01-25 11:56:42,904 成功，分配弹性IP成功，AssociationId: {u'AssociationId': 'eipassoc-9cbc69a1', 'ResponseMetadata': {'HTTPStatusCode': 200, 'RequestId': 'ea020674-7adb-40bb-ab5c-8154b1bcdd52'}}
2017-01-25 12:02:07,767 GetEC2Info: max 查询实例数据
2017-01-25 12:02:16,167 成功: 删除 EC2: ['i-0c10b2b1e6d90841c']，不删除的 EC2：[] 
2017-01-25 12:02:18,537 GetEC2Info: max 查询实例数据
2017-02-03 10:23:21,810 成功，返回用户数据，UserData：#!/bin/bash
iptables -A PREROUTING -t nat -p tcp -d 0.0.0.0/0 -j DNAT --to 180.153.89.75
iptables -A INPUT -p tcp --dport 80 -i eth0 -j ACCEPT
iptables -A INPUT -p tcp --dport 8000 -i eth0 -j ACCEPT
iptables -A INPUT -p tcp --dport 2202 -i eth0 -j ACCEPT
service iptables save
service iptables restart
            
2017-02-03 10:23:22,637 成功，创建EC2实例，实例ID: i-0a7b24f90ca079d8b
2017-02-03 10:23:22,785 成功，修改EC2实例Tag，Tag: allen-NAT
2017-02-03 10:23:23,836 GetEC2Info: allen 查询实例数据
2017-02-03 10:23:33,113 等待，分配弹性IP，当前状态: pending
2017-02-03 10:23:48,721 成功，分配弹性IP成功，AssociationId: {u'AssociationId': 'eipassoc-e82fffd5', 'ResponseMetadata': {'HTTPStatusCode': 200, 'RequestId': '5b4b662d-ffbc-482c-9415-82739c6a0cdf'}}
2017-02-03 10:24:39,907 GetEC2Info: allen 查询实例数据
2017-02-03 10:26:25,207 GetEC2Info: allen 查询实例数据
2017-02-03 14:07:31,664 成功: 删除 EC2: ['i-0a7b24f90ca079d8b']，不删除的 EC2：[] 
2017-02-06 17:31:53,170 GetEC2Info: max 查询实例数据
2017-02-06 17:31:56,088 成功，返回用户数据，UserData：#!/bin/bash
iptables -A PREROUTING -t nat -p tcp -d 0.0.0.0/0 -j DNAT --to 180.153.89.75
iptables -A INPUT -p tcp --dport 80 -i eth0 -j ACCEPT
iptables -A INPUT -p tcp --dport 8000 -i eth0 -j ACCEPT
iptables -A INPUT -p tcp --dport 2202 -i eth0 -j ACCEPT
service iptables save
service iptables restart
            
2017-02-06 17:31:56,984 成功，创建EC2实例，实例ID: i-024d5b4513a323a7a
2017-02-06 17:31:57,131 成功，修改EC2实例Tag，Tag: max-NAT
2017-02-06 17:31:57,965 GetEC2Info: max 查询实例数据
2017-02-06 17:32:06,199 成功: 删除 EC2: ['i-024d5b4513a323a7a']，不删除的 EC2：[] 
2017-02-06 17:32:07,312 等待，分配弹性IP，当前状态: shutting-down
2017-02-06 17:32:08,799 GetEC2Info: max 查询实例数据
2017-02-06 17:32:22,439 等待，分配弹性IP，当前状态: shutting-down
2017-02-06 17:32:37,570 等待，分配弹性IP，当前状态: shutting-down
2017-02-06 17:32:52,711 等待，分配弹性IP，当前状态: shutting-down
2017-02-06 17:33:07,855 等待，分配弹性IP，当前状态: terminated
2017-02-06 17:33:22,991 等待，分配弹性IP，当前状态: terminated
2017-02-06 17:33:38,121 等待，分配弹性IP，当前状态: terminated
2017-02-06 17:33:53,234 等待，分配弹性IP，当前状态: terminated
2017-02-06 17:34:08,361 等待，分配弹性IP，当前状态: terminated
2017-02-06 17:34:23,473 等待，分配弹性IP，当前状态: terminated
2017-02-06 17:34:38,585 等待，分配弹性IP，当前状态: terminated
2017-02-06 17:34:53,733 等待，分配弹性IP，当前状态: terminated
2017-02-06 17:35:08,849 等待，分配弹性IP，当前状态: terminated
2017-02-06 17:35:23,951 等待，分配弹性IP，当前状态: terminated
2017-02-06 17:35:39,043 等待，分配弹性IP，当前状态: terminated
2017-02-06 17:35:54,198 等待，分配弹性IP，当前状态: terminated
2017-02-06 17:36:09,323 等待，分配弹性IP，当前状态: terminated
2017-02-06 17:36:24,444 等待，分配弹性IP，当前状态: terminated
2017-02-06 17:36:39,818 等待，分配弹性IP，当前状态: terminated
2017-02-06 17:36:54,948 等待，分配弹性IP，当前状态: terminated
2017-02-06 17:37:10,105 等待，分配弹性IP，当前状态: terminated
2017-02-06 17:37:25,244 等待，分配弹性IP，当前状态: terminated
2017-02-06 17:37:26,036 GetEC2Info: max 查询实例数据
2017-02-06 17:37:40,374 等待，分配弹性IP，当前状态: terminated
2017-02-06 17:37:55,502 等待，分配弹性IP，当前状态: terminated
2017-02-06 17:38:10,691 等待，分配弹性IP，当前状态: terminated
2017-02-06 17:38:25,835 等待，分配弹性IP，当前状态: terminated
2017-02-06 17:38:40,926 等待，分配弹性IP，当前状态: terminated
2017-02-06 17:38:56,015 等待，分配弹性IP，当前状态: terminated
2017-02-06 17:39:11,128 等待，分配弹性IP，当前状态: terminated
2017-02-06 17:39:26,263 等待，分配弹性IP，当前状态: terminated
2017-02-06 17:39:41,384 等待，分配弹性IP，当前状态: terminated
2017-02-06 17:39:56,512 等待，分配弹性IP，当前状态: terminated
2017-02-06 17:40:11,698 等待，分配弹性IP，当前状态: terminated
2017-02-06 17:40:26,798 等待，分配弹性IP，当前状态: terminated
2017-02-06 17:40:42,066 等待，分配弹性IP，当前状态: terminated
2017-02-06 17:40:57,186 等待，分配弹性IP，当前状态: terminated
2017-02-06 17:41:12,450 等待，分配弹性IP，当前状态: terminated
2017-02-06 17:41:27,545 等待，分配弹性IP，当前状态: terminated
2017-02-06 17:41:42,658 等待，分配弹性IP，当前状态: terminated
2017-02-06 17:41:57,795 等待，分配弹性IP，当前状态: terminated
2017-02-06 17:42:12,972 等待，分配弹性IP，当前状态: terminated
2017-02-06 17:42:28,116 等待，分配弹性IP，当前状态: terminated
2017-02-06 17:42:43,227 等待，分配弹性IP，当前状态: terminated
2017-02-06 17:42:58,346 等待，分配弹性IP，当前状态: terminated
2017-02-06 17:43:13,763 等待，分配弹性IP，当前状态: terminated
2017-02-06 17:43:28,869 等待，分配弹性IP，当前状态: terminated
2017-02-06 17:43:43,998 等待，分配弹性IP，当前状态: terminated
2017-02-06 17:43:59,121 等待，分配弹性IP，当前状态: terminated
2017-02-06 17:44:14,242 等待，分配弹性IP，当前状态: terminated
2017-02-06 17:44:29,354 等待，分配弹性IP，当前状态: terminated
2017-02-06 17:44:44,490 等待，分配弹性IP，当前状态: terminated
2017-02-06 17:44:59,613 等待，分配弹性IP，当前状态: terminated
2017-02-06 17:45:14,770 等待，分配弹性IP，当前状态: terminated
2017-02-06 17:45:29,852 等待，分配弹性IP，当前状态: terminated
2017-02-06 17:45:44,946 等待，分配弹性IP，当前状态: terminated
2017-02-06 17:46:00,132 等待，分配弹性IP，当前状态: terminated
2017-02-06 17:46:17,701 等待，分配弹性IP，当前状态: terminated
2017-02-06 17:46:32,817 等待，分配弹性IP，当前状态: terminated
2017-02-06 17:46:47,968 等待，分配弹性IP，当前状态: terminated
2017-02-06 17:47:03,092 等待，分配弹性IP，当前状态: terminated
2017-02-06 17:47:18,190 等待，分配弹性IP，当前状态: terminated
2017-02-06 17:47:33,283 等待，分配弹性IP，当前状态: terminated
2017-02-06 17:47:48,403 等待，分配弹性IP，当前状态: terminated
2017-02-06 17:48:03,678 等待，分配弹性IP，当前状态: terminated
2017-02-06 17:48:18,798 等待，分配弹性IP，当前状态: terminated
2017-02-06 17:48:33,907 等待，分配弹性IP，当前状态: terminated
2017-02-06 17:48:49,041 等待，分配弹性IP，当前状态: terminated
2017-02-06 17:49:04,159 等待，分配弹性IP，当前状态: terminated
2017-02-06 17:49:19,280 等待，分配弹性IP，当前状态: terminated
2017-02-06 17:49:34,565 等待，分配弹性IP，当前状态: terminated
2017-02-06 17:49:49,868 等待，分配弹性IP，当前状态: terminated
2017-02-06 17:50:05,028 等待，分配弹性IP，当前状态: terminated
2017-02-06 17:50:20,149 等待，分配弹性IP，当前状态: terminated
2017-02-06 17:50:35,238 等待，分配弹性IP，当前状态: terminated
2017-02-06 17:50:50,359 等待，分配弹性IP，当前状态: terminated
2017-02-06 17:50:59,045 GetEC2Info: max 查询实例数据
2017-02-06 17:51:02,556 成功，返回用户数据，UserData：#!/bin/bash
iptables -A PREROUTING -t nat -p tcp -d 0.0.0.0/0 -j DNAT --to 180.153.89.75
iptables -A INPUT -p tcp --dport 80 -i eth0 -j ACCEPT
iptables -A INPUT -p tcp --dport 8000 -i eth0 -j ACCEPT
iptables -A INPUT -p tcp --dport 2202 -i eth0 -j ACCEPT
service iptables save
service iptables restart
            
2017-02-06 17:51:03,572 成功，创建EC2实例，实例ID: i-0971798d247c8792c
2017-02-06 17:51:03,718 成功，修改EC2实例Tag，Tag: max-NAT
2017-02-06 17:51:05,273 GetEC2Info: max 查询实例数据
2017-02-06 17:51:05,482 等待，分配弹性IP，当前状态: terminated
2017-02-06 17:51:14,214 等待，分配弹性IP，当前状态: pending
2017-02-06 17:51:20,603 等待，分配弹性IP，当前状态: terminated
2017-02-06 17:51:30,231 成功，分配弹性IP成功，AssociationId: {u'AssociationId': 'eipassoc-1d409220', 'ResponseMetadata': {'HTTPStatusCode': 200, 'RequestId': '4a09a484-653d-4570-8c79-8a048b544201'}}
2017-02-06 17:51:35,716 等待，分配弹性IP，当前状态: terminated
2017-02-06 17:51:50,844 等待，分配弹性IP，当前状态: terminated
2017-02-06 17:52:01,607 成功: 删除 EC2: ['i-024d5b4513a323a7a']，不删除的 EC2：[] 
2017-02-06 17:52:04,171 GetEC2Info: max 查询实例数据
2017-02-06 17:52:05,959 等待，分配弹性IP，当前状态: terminated
2017-02-06 17:52:21,081 等待，分配弹性IP，当前状态: terminated
2017-02-06 17:52:36,218 等待，分配弹性IP，当前状态: terminated
2017-02-06 17:52:46,218 GetEC2Info: max 查询实例数据
2017-02-06 17:52:51,346 等待，分配弹性IP，当前状态: terminated
2017-02-06 17:53:06,506 等待，分配弹性IP，当前状态: terminated
2017-02-06 17:53:20,057 成功，返回用户数据，UserData：#!/bin/bash
iptables -A PREROUTING -t nat -p tcp -d 0.0.0.0/0 -j DNAT --to 180.153.89.75
iptables -A INPUT -p tcp --dport 80 -i eth0 -j ACCEPT
iptables -A INPUT -p tcp --dport 8000 -i eth0 -j ACCEPT
iptables -A INPUT -p tcp --dport 2202 -i eth0 -j ACCEPT
service iptables save
service iptables restart
            
2017-02-06 17:53:20,836 成功，创建EC2实例，实例ID: i-00728fcf33ff6db86
2017-02-06 17:53:20,967 成功，修改EC2实例Tag，Tag: max-NAT
2017-02-06 17:53:21,621 等待，分配弹性IP，当前状态: terminated
2017-02-06 17:53:21,888 GetEC2Info: max 查询实例数据
2017-02-06 17:53:29,558 成功: 删除 EC2: ['i-00728fcf33ff6db86']，不删除的 EC2：[] 
2017-02-06 17:53:31,131 等待，分配弹性IP，当前状态: shutting-down
2017-02-06 17:53:31,936 GetEC2Info: max 查询实例数据
2017-02-06 17:53:36,720 等待，分配弹性IP，当前状态: terminated
2017-02-06 17:53:43,740 GetEC2Info: max 查询实例数据
2017-02-06 17:53:46,236 等待，分配弹性IP，当前状态: shutting-down
2017-02-06 17:53:51,810 等待，分配弹性IP，当前状态: terminated
2017-02-06 17:54:01,354 等待，分配弹性IP，当前状态: terminated
2017-02-06 17:54:06,961 等待，分配弹性IP，当前状态: terminated
2017-02-06 17:54:16,463 等待，分配弹性IP，当前状态: terminated
2017-02-06 17:54:22,084 等待，分配弹性IP，当前状态: terminated
2017-02-06 17:54:31,579 等待，分配弹性IP，当前状态: terminated
2017-02-06 17:54:37,201 等待，分配弹性IP，当前状态: terminated
2017-02-06 17:54:46,702 等待，分配弹性IP，当前状态: terminated
2017-02-06 17:54:52,316 等待，分配弹性IP，当前状态: terminated
2017-02-06 17:55:01,873 等待，分配弹性IP，当前状态: terminated
2017-02-06 17:55:07,828 等待，分配弹性IP，当前状态: terminated
2017-02-06 17:55:16,993 等待，分配弹性IP，当前状态: terminated
2017-02-06 17:55:22,945 等待，分配弹性IP，当前状态: terminated
2017-02-06 17:55:32,129 等待，分配弹性IP，当前状态: terminated
2017-02-06 17:55:38,224 等待，分配弹性IP，当前状态: terminated
2017-02-06 17:55:47,266 等待，分配弹性IP，当前状态: terminated
2017-02-06 17:55:53,343 等待，分配弹性IP，当前状态: terminated
2017-02-06 17:56:02,401 等待，分配弹性IP，当前状态: terminated
2017-02-06 17:56:08,554 等待，分配弹性IP，当前状态: terminated
2017-02-06 17:56:17,923 等待，分配弹性IP，当前状态: terminated
2017-02-06 17:56:23,722 等待，分配弹性IP，当前状态: terminated
2017-02-06 17:56:33,054 等待，分配弹性IP，当前状态: terminated
2017-02-06 17:56:38,988 等待，分配弹性IP，当前状态: terminated
2017-02-06 17:56:48,170 等待，分配弹性IP，当前状态: terminated
2017-02-06 17:56:54,104 等待，分配弹性IP，当前状态: terminated
2017-02-06 17:57:03,282 等待，分配弹性IP，当前状态: terminated
2017-02-06 17:57:09,231 等待，分配弹性IP，当前状态: terminated
2017-02-06 17:57:18,392 等待，分配弹性IP，当前状态: terminated
2017-02-06 17:57:24,485 等待，分配弹性IP，当前状态: terminated
2017-02-06 17:57:33,508 等待，分配弹性IP，当前状态: terminated
2017-02-06 17:57:39,618 等待，分配弹性IP，当前状态: terminated
2017-02-06 17:57:48,642 等待，分配弹性IP，当前状态: terminated
2017-02-06 17:57:54,733 等待，分配弹性IP，当前状态: terminated
2017-02-06 17:58:03,796 等待，分配弹性IP，当前状态: terminated
2017-02-06 17:58:09,849 等待，分配弹性IP，当前状态: terminated
2017-02-06 17:58:18,911 等待，分配弹性IP，当前状态: terminated
2017-02-06 17:58:24,976 等待，分配弹性IP，当前状态: terminated
2017-02-06 17:58:34,026 等待，分配弹性IP，当前状态: terminated
2017-02-06 17:58:40,094 等待，分配弹性IP，当前状态: terminated
2017-02-06 17:58:49,147 等待，分配弹性IP，当前状态: terminated
2017-02-06 17:58:55,220 等待，分配弹性IP，当前状态: terminated
2017-02-06 17:59:04,282 等待，分配弹性IP，当前状态: terminated
2017-02-06 17:59:10,325 等待，分配弹性IP，当前状态: terminated
2017-02-06 17:59:19,388 等待，分配弹性IP，当前状态: terminated
2017-02-06 17:59:25,477 等待，分配弹性IP，当前状态: terminated
2017-02-06 17:59:34,474 等待，分配弹性IP，当前状态: terminated
2017-02-06 17:59:40,601 等待，分配弹性IP，当前状态: terminated
2017-02-06 17:59:49,594 等待，分配弹性IP，当前状态: terminated
2017-02-06 17:59:55,857 等待，分配弹性IP，当前状态: terminated
2017-02-06 18:00:04,933 等待，分配弹性IP，当前状态: terminated
2017-02-06 18:00:11,028 等待，分配弹性IP，当前状态: terminated
2017-02-06 18:00:20,217 等待，分配弹性IP，当前状态: terminated
2017-02-06 18:00:26,177 等待，分配弹性IP，当前状态: terminated
2017-02-06 18:00:35,343 等待，分配弹性IP，当前状态: terminated
2017-02-06 18:00:41,304 等待，分配弹性IP，当前状态: terminated
2017-02-06 18:00:50,462 等待，分配弹性IP，当前状态: terminated
2017-02-06 18:00:56,418 等待，分配弹性IP，当前状态: terminated
2017-02-06 18:01:05,577 等待，分配弹性IP，当前状态: terminated
2017-02-06 18:01:11,534 等待，分配弹性IP，当前状态: terminated
2017-02-06 18:01:20,719 等待，分配弹性IP，当前状态: terminated
2017-02-06 18:01:26,652 等待，分配弹性IP，当前状态: terminated
2017-02-06 18:01:35,866 等待，分配弹性IP，当前状态: terminated
2017-02-06 18:01:41,787 等待，分配弹性IP，当前状态: terminated
2017-02-06 18:01:51,015 等待，分配弹性IP，当前状态: terminated
2017-02-06 18:01:56,901 等待，分配弹性IP，当前状态: terminated
2017-02-06 18:02:06,140 等待，分配弹性IP，当前状态: terminated
2017-02-06 18:02:12,114 等待，分配弹性IP，当前状态: terminated
2017-02-06 18:02:21,387 等待，分配弹性IP，当前状态: terminated
2017-02-06 18:02:27,247 等待，分配弹性IP，当前状态: terminated
2017-02-06 18:02:36,543 等待，分配弹性IP，当前状态: terminated
2017-02-06 18:02:42,364 等待，分配弹性IP，当前状态: terminated
2017-02-06 18:02:52,296 等待，分配弹性IP，当前状态: terminated
2017-02-06 18:02:57,476 等待，分配弹性IP，当前状态: terminated
2017-02-06 18:03:07,443 等待，分配弹性IP，当前状态: terminated
2017-02-06 18:03:12,618 等待，分配弹性IP，当前状态: terminated
2017-02-06 18:03:22,568 等待，分配弹性IP，当前状态: terminated
2017-02-06 18:03:27,739 等待，分配弹性IP，当前状态: terminated
2017-02-06 18:03:37,760 等待，分配弹性IP，当前状态: terminated
2017-02-06 18:03:42,878 等待，分配弹性IP，当前状态: terminated
2017-02-06 18:03:52,926 等待，分配弹性IP，当前状态: terminated
2017-02-06 18:03:58,148 等待，分配弹性IP，当前状态: terminated
2017-02-06 18:04:08,066 等待，分配弹性IP，当前状态: terminated
2017-02-06 18:04:13,264 等待，分配弹性IP，当前状态: terminated
2017-02-06 18:04:23,168 等待，分配弹性IP，当前状态: terminated
2017-02-06 18:04:28,359 等待，分配弹性IP，当前状态: terminated
2017-02-06 18:04:38,297 等待，分配弹性IP，当前状态: terminated
2017-02-06 18:04:43,479 等待，分配弹性IP，当前状态: terminated
2017-02-06 18:04:53,391 等待，分配弹性IP，当前状态: terminated
2017-02-06 18:04:58,597 等待，分配弹性IP，当前状态: terminated
2017-02-06 18:05:08,543 等待，分配弹性IP，当前状态: terminated
2017-02-06 18:05:13,824 等待，分配弹性IP，当前状态: terminated
2017-02-06 18:05:23,652 等待，分配弹性IP，当前状态: terminated
2017-02-06 18:05:28,927 等待，分配弹性IP，当前状态: terminated
2017-02-06 18:05:38,780 等待，分配弹性IP，当前状态: terminated
2017-02-06 18:05:44,041 等待，分配弹性IP，当前状态: terminated
2017-02-06 18:05:53,904 等待，分配弹性IP，当前状态: terminated
2017-02-06 18:05:59,151 等待，分配弹性IP，当前状态: terminated
2017-02-06 18:06:09,024 等待，分配弹性IP，当前状态: terminated
2017-02-06 18:06:14,271 等待，分配弹性IP，当前状态: terminated
2017-02-06 18:06:24,142 等待，分配弹性IP，当前状态: terminated
2017-02-06 18:06:29,406 等待，分配弹性IP，当前状态: terminated
2017-02-06 18:06:39,252 等待，分配弹性IP，当前状态: terminated
2017-02-06 18:06:44,496 等待，分配弹性IP，当前状态: terminated
2017-02-06 18:06:54,345 等待，分配弹性IP，当前状态: terminated
2017-02-06 18:06:59,655 等待，分配弹性IP，当前状态: terminated
2017-02-06 18:07:09,497 等待，分配弹性IP，当前状态: terminated
2017-02-06 18:07:14,817 等待，分配弹性IP，当前状态: terminated
2017-02-06 18:07:24,596 等待，分配弹性IP，当前状态: terminated
2017-02-06 18:07:29,941 等待，分配弹性IP，当前状态: terminated
2017-02-06 18:07:39,727 等待，分配弹性IP，当前状态: terminated
2017-02-06 18:07:45,054 等待，分配弹性IP，当前状态: terminated
2017-02-06 18:07:54,848 等待，分配弹性IP，当前状态: terminated
2017-02-06 18:08:00,213 等待，分配弹性IP，当前状态: terminated
2017-02-06 18:08:09,991 等待，分配弹性IP，当前状态: terminated
2017-02-06 18:08:15,375 等待，分配弹性IP，当前状态: terminated
2017-02-06 18:08:25,115 等待，分配弹性IP，当前状态: terminated
2017-02-06 18:08:30,477 等待，分配弹性IP，当前状态: terminated
2017-02-06 18:08:40,227 等待，分配弹性IP，当前状态: terminated
2017-02-06 18:08:45,568 等待，分配弹性IP，当前状态: terminated
2017-02-06 18:08:55,370 等待，分配弹性IP，当前状态: terminated
2017-02-06 18:09:00,683 等待，分配弹性IP，当前状态: terminated
2017-02-06 18:09:10,563 等待，分配弹性IP，当前状态: terminated
2017-02-06 18:09:15,800 等待，分配弹性IP，当前状态: terminated
2017-02-06 18:09:25,665 等待，分配弹性IP，当前状态: terminated
2017-02-06 18:09:30,891 等待，分配弹性IP，当前状态: terminated
2017-02-06 18:09:40,770 等待，分配弹性IP，当前状态: terminated
2017-02-06 18:09:46,020 等待，分配弹性IP，当前状态: terminated
2017-02-06 18:09:55,868 等待，分配弹性IP，当前状态: terminated
2017-02-06 18:10:01,154 等待，分配弹性IP，当前状态: terminated
2017-02-06 18:10:11,097 等待，分配弹性IP，当前状态: terminated
2017-02-06 18:10:16,279 等待，分配弹性IP，当前状态: terminated
2017-02-06 18:10:26,216 等待，分配弹性IP，当前状态: terminated
2017-02-06 18:10:31,405 等待，分配弹性IP，当前状态: terminated
2017-02-06 18:10:41,342 等待，分配弹性IP，当前状态: terminated
2017-02-06 18:10:46,493 等待，分配弹性IP，当前状态: terminated
2017-02-06 18:10:56,433 等待，分配弹性IP，当前状态: terminated
2017-02-06 18:11:01,641 等待，分配弹性IP，当前状态: terminated
2017-02-06 18:11:11,574 等待，分配弹性IP，当前状态: terminated
2017-02-06 18:11:16,777 等待，分配弹性IP，当前状态: terminated
2017-02-06 18:11:26,688 等待，分配弹性IP，当前状态: terminated
2017-02-06 18:11:31,957 等待，分配弹性IP，当前状态: terminated
2017-02-06 18:11:41,803 等待，分配弹性IP，当前状态: terminated
2017-02-06 18:11:47,083 等待，分配弹性IP，当前状态: terminated
2017-02-06 18:11:56,917 等待，分配弹性IP，当前状态: terminated
2017-02-06 18:12:02,203 等待，分配弹性IP，当前状态: terminated
2017-02-06 18:12:12,112 等待，分配弹性IP，当前状态: terminated
2017-02-06 18:12:17,318 等待，分配弹性IP，当前状态: terminated
2017-02-06 18:12:27,222 等待，分配弹性IP，当前状态: terminated
2017-02-06 18:12:32,432 等待，分配弹性IP，当前状态: terminated
2017-02-06 18:12:42,343 等待，分配弹性IP，当前状态: terminated
2017-02-06 18:12:47,561 等待，分配弹性IP，当前状态: terminated
2017-02-06 18:12:57,488 等待，分配弹性IP，当前状态: terminated
2017-02-06 18:13:02,674 等待，分配弹性IP，当前状态: terminated
2017-02-06 18:13:12,656 等待，分配弹性IP，当前状态: terminated
2017-02-06 18:13:17,757 等待，分配弹性IP，当前状态: terminated
2017-02-06 18:13:27,754 等待，分配弹性IP，当前状态: terminated
2017-02-06 18:13:32,877 等待，分配弹性IP，当前状态: terminated
2017-02-06 18:13:42,998 等待，分配弹性IP，当前状态: terminated
2017-02-06 18:13:47,980 等待，分配弹性IP，当前状态: terminated
2017-02-06 18:13:58,105 等待，分配弹性IP，当前状态: terminated
2017-02-06 18:14:03,103 等待，分配弹性IP，当前状态: terminated
2017-02-06 18:14:13,259 等待，分配弹性IP，当前状态: terminated
2017-02-06 18:14:18,254 等待，分配弹性IP，当前状态: terminated
2017-02-06 18:14:28,375 等待，分配弹性IP，当前状态: terminated
2017-02-06 18:14:33,372 等待，分配弹性IP，当前状态: terminated
2017-02-06 18:14:43,491 等待，分配弹性IP，当前状态: terminated
2017-02-06 18:14:48,495 等待，分配弹性IP，当前状态: terminated
2017-02-06 18:14:58,721 等待，分配弹性IP，当前状态: terminated
2017-02-06 18:15:03,633 等待，分配弹性IP，当前状态: terminated
2017-02-06 18:15:13,955 等待，分配弹性IP，当前状态: terminated
2017-02-06 18:15:18,758 等待，分配弹性IP，当前状态: terminated
2017-02-06 18:15:29,090 等待，分配弹性IP，当前状态: terminated
2017-02-06 18:15:33,889 等待，分配弹性IP，当前状态: terminated
2017-02-06 18:15:44,234 等待，分配弹性IP，当前状态: terminated
2017-02-06 18:15:49,014 等待，分配弹性IP，当前状态: terminated
2017-02-06 18:15:59,353 等待，分配弹性IP，当前状态: terminated
2017-02-06 18:16:04,146 等待，分配弹性IP，当前状态: terminated
2017-02-06 18:16:14,439 等待，分配弹性IP，当前状态: terminated
2017-02-06 18:16:19,242 等待，分配弹性IP，当前状态: terminated
2017-02-06 18:16:29,558 等待，分配弹性IP，当前状态: terminated
2017-02-06 18:16:34,347 等待，分配弹性IP，当前状态: terminated
2017-02-06 18:16:44,643 等待，分配弹性IP，当前状态: terminated
2017-02-06 18:16:49,432 等待，分配弹性IP，当前状态: terminated
2017-02-06 18:16:59,747 等待，分配弹性IP，当前状态: terminated
2017-02-06 18:17:04,562 等待，分配弹性IP，当前状态: terminated
2017-02-06 18:17:14,880 等待，分配弹性IP，当前状态: terminated
2017-02-06 18:17:19,683 等待，分配弹性IP，当前状态: terminated
2017-02-06 18:17:30,025 等待，分配弹性IP，当前状态: terminated
2017-02-06 18:17:34,798 等待，分配弹性IP，当前状态: terminated
2017-02-06 18:17:45,140 等待，分配弹性IP，当前状态: terminated
2017-02-06 18:17:49,916 等待，分配弹性IP，当前状态: terminated
2017-02-06 18:18:00,262 等待，分配弹性IP，当前状态: terminated
2017-02-06 18:18:05,033 等待，分配弹性IP，当前状态: terminated
2017-02-06 18:18:15,369 等待，分配弹性IP，当前状态: terminated
2017-02-06 18:18:20,163 等待，分配弹性IP，当前状态: terminated
2017-02-06 18:18:30,490 等待，分配弹性IP，当前状态: terminated
2017-02-06 18:18:35,276 等待，分配弹性IP，当前状态: terminated
2017-02-06 18:18:45,596 等待，分配弹性IP，当前状态: terminated
2017-02-06 18:18:50,368 等待，分配弹性IP，当前状态: terminated
2017-02-06 18:19:00,694 等待，分配弹性IP，当前状态: terminated
2017-02-06 18:19:05,515 等待，分配弹性IP，当前状态: terminated
2017-02-06 18:19:15,820 等待，分配弹性IP，当前状态: terminated
2017-02-06 18:19:20,633 等待，分配弹性IP，当前状态: terminated
2017-02-06 18:19:30,936 等待，分配弹性IP，当前状态: terminated
2017-02-06 18:19:35,750 等待，分配弹性IP，当前状态: terminated
2017-02-06 18:19:46,050 等待，分配弹性IP，当前状态: terminated
2017-02-06 18:19:50,905 等待，分配弹性IP，当前状态: terminated
2017-02-06 18:20:01,149 等待，分配弹性IP，当前状态: terminated
2017-02-06 18:20:06,074 等待，分配弹性IP，当前状态: terminated
2017-02-06 18:20:16,252 等待，分配弹性IP，当前状态: terminated
2017-02-06 18:20:21,171 等待，分配弹性IP，当前状态: terminated
2017-02-06 18:20:31,351 等待，分配弹性IP，当前状态: terminated
2017-02-06 18:20:36,304 等待，分配弹性IP，当前状态: terminated
2017-02-06 18:20:46,447 等待，分配弹性IP，当前状态: terminated
2017-02-06 18:20:51,409 等待，分配弹性IP，当前状态: terminated
2017-02-06 18:21:01,563 等待，分配弹性IP，当前状态: terminated
2017-02-06 18:21:06,542 等待，分配弹性IP，当前状态: terminated
2017-02-06 18:21:16,665 等待，分配弹性IP，当前状态: terminated
2017-02-06 18:21:21,666 等待，分配弹性IP，当前状态: terminated
2017-02-06 18:21:31,831 等待，分配弹性IP，当前状态: terminated
2017-02-06 18:21:36,792 等待，分配弹性IP，当前状态: terminated
2017-02-06 18:21:46,944 等待，分配弹性IP，当前状态: terminated
2017-02-06 18:21:51,911 等待，分配弹性IP，当前状态: terminated
2017-02-06 18:22:02,049 等待，分配弹性IP，当前状态: terminated
2017-02-06 18:22:07,033 等待，分配弹性IP，当前状态: terminated
2017-02-06 18:22:17,200 等待，分配弹性IP，当前状态: terminated
2017-02-06 18:22:22,137 等待，分配弹性IP，当前状态: terminated
2017-02-06 18:22:32,335 等待，分配弹性IP，当前状态: terminated
2017-02-06 18:22:37,376 等待，分配弹性IP，当前状态: terminated
2017-02-06 18:22:47,461 等待，分配弹性IP，当前状态: terminated
2017-02-06 18:22:52,461 等待，分配弹性IP，当前状态: terminated
2017-02-06 18:23:02,583 等待，分配弹性IP，当前状态: terminated
2017-02-06 18:23:07,569 等待，分配弹性IP，当前状态: terminated
2017-02-06 18:23:17,698 等待，分配弹性IP，当前状态: terminated
2017-02-06 18:23:22,681 等待，分配弹性IP，当前状态: terminated
2017-02-06 18:23:32,836 等待，分配弹性IP，当前状态: terminated
2017-02-06 18:23:37,821 等待，分配弹性IP，当前状态: terminated
2017-02-06 18:23:47,931 等待，分配弹性IP，当前状态: terminated
2017-02-06 18:23:52,944 等待，分配弹性IP，当前状态: terminated
2017-02-06 18:24:03,046 等待，分配弹性IP，当前状态: terminated
2017-02-06 18:24:08,050 等待，分配弹性IP，当前状态: terminated
2017-02-06 18:24:18,171 等待，分配弹性IP，当前状态: terminated
2017-02-06 18:24:23,137 等待，分配弹性IP，当前状态: terminated
2017-02-06 18:24:33,315 等待，分配弹性IP，当前状态: terminated
2017-02-06 18:24:38,254 等待，分配弹性IP，当前状态: terminated
2017-02-06 18:24:48,592 等待，分配弹性IP，当前状态: terminated
2017-02-06 18:24:53,365 等待，分配弹性IP，当前状态: terminated
2017-02-06 18:25:03,764 等待，分配弹性IP，当前状态: terminated
2017-02-06 18:25:08,480 等待，分配弹性IP，当前状态: terminated
2017-02-06 18:25:18,880 等待，分配弹性IP，当前状态: terminated
2017-02-06 18:25:23,577 等待，分配弹性IP，当前状态: terminated
2017-02-06 18:25:33,972 等待，分配弹性IP，当前状态: terminated
2017-02-06 18:25:38,698 等待，分配弹性IP，当前状态: terminated
2017-02-06 18:25:49,223 等待，分配弹性IP，当前状态: terminated
2017-02-06 18:25:53,792 等待，分配弹性IP，当前状态: terminated
2017-02-06 18:26:04,347 等待，分配弹性IP，当前状态: terminated
2017-02-06 18:26:09,532 等待，分配弹性IP，当前状态: terminated
2017-02-06 18:26:19,491 等待，分配弹性IP，当前状态: terminated
2017-02-06 18:26:24,665 等待，分配弹性IP，当前状态: terminated
2017-02-06 18:26:34,577 等待，分配弹性IP，当前状态: terminated
2017-02-06 18:26:39,778 等待，分配弹性IP，当前状态: terminated
2017-02-06 18:26:49,706 等待，分配弹性IP，当前状态: terminated
2017-02-06 18:26:54,868 等待，分配弹性IP，当前状态: terminated
2017-02-06 18:27:04,876 等待，分配弹性IP，当前状态: terminated
2017-02-06 18:27:10,006 等待，分配弹性IP，当前状态: terminated
2017-02-06 18:27:19,991 等待，分配弹性IP，当前状态: terminated
2017-02-06 18:27:25,133 等待，分配弹性IP，当前状态: terminated
2017-02-06 18:27:35,107 等待，分配弹性IP，当前状态: terminated
2017-02-06 18:27:40,255 等待，分配弹性IP，当前状态: terminated
2017-02-06 18:27:50,222 等待，分配弹性IP，当前状态: terminated
2017-02-06 18:27:55,372 等待，分配弹性IP，当前状态: terminated
2017-02-06 18:28:05,588 等待，分配弹性IP，当前状态: terminated
2017-02-06 18:28:10,511 等待，分配弹性IP，当前状态: terminated
2017-02-06 18:28:20,784 等待，分配弹性IP，当前状态: terminated
2017-02-06 18:28:25,644 等待，分配弹性IP，当前状态: terminated
2017-02-06 18:28:35,906 等待，分配弹性IP，当前状态: terminated
2017-02-06 18:28:40,763 等待，分配弹性IP，当前状态: terminated
2017-02-06 18:28:51,027 等待，分配弹性IP，当前状态: terminated
2017-02-06 18:28:55,877 等待，分配弹性IP，当前状态: terminated
2017-02-06 18:29:06,199 等待，分配弹性IP，当前状态: terminated
2017-02-06 18:29:11,049 等待，分配弹性IP，当前状态: terminated
2017-02-06 18:29:21,329 等待，分配弹性IP，当前状态: terminated
2017-02-06 18:29:26,177 等待，分配弹性IP，当前状态: terminated
2017-02-06 18:29:36,502 等待，分配弹性IP，当前状态: terminated
2017-02-06 18:29:41,340 等待，分配弹性IP，当前状态: terminated
2017-02-06 18:29:51,618 等待，分配弹性IP，当前状态: terminated
2017-02-06 18:29:56,464 等待，分配弹性IP，当前状态: terminated
2017-02-06 18:30:06,750 等待，分配弹性IP，当前状态: terminated
2017-02-06 18:30:11,610 等待，分配弹性IP，当前状态: terminated
2017-02-06 18:30:21,862 等待，分配弹性IP，当前状态: terminated
2017-02-06 18:30:26,731 等待，分配弹性IP，当前状态: terminated
2017-02-06 18:30:36,975 等待，分配弹性IP，当前状态: terminated
2017-02-06 18:30:41,843 等待，分配弹性IP，当前状态: terminated
2017-02-06 18:30:52,158 等待，分配弹性IP，当前状态: terminated
2017-02-06 18:30:56,958 等待，分配弹性IP，当前状态: terminated
2017-02-06 18:31:07,291 等待，分配弹性IP，当前状态: terminated
2017-02-06 18:31:12,082 等待，分配弹性IP，当前状态: terminated
2017-02-06 18:31:22,385 等待，分配弹性IP，当前状态: terminated
2017-02-06 18:31:27,171 等待，分配弹性IP，当前状态: terminated
2017-02-06 18:31:37,488 等待，分配弹性IP，当前状态: terminated
2017-02-06 18:31:42,257 等待，分配弹性IP，当前状态: terminated
2017-02-06 18:31:52,572 等待，分配弹性IP，当前状态: terminated
2017-02-06 18:31:57,380 等待，分配弹性IP，当前状态: terminated
2017-02-06 18:32:07,699 等待，分配弹性IP，当前状态: terminated
2017-02-06 18:32:12,515 等待，分配弹性IP，当前状态: terminated
2017-02-06 18:32:22,856 等待，分配弹性IP，当前状态: terminated
2017-02-06 18:32:27,598 等待，分配弹性IP，当前状态: terminated
2017-02-06 18:32:37,976 等待，分配弹性IP，当前状态: terminated
2017-02-06 18:32:42,685 等待，分配弹性IP，当前状态: terminated
2017-02-06 18:32:53,067 等待，分配弹性IP，当前状态: terminated
2017-02-06 18:33:08,368 等待，分配弹性IP，当前状态: terminated
2017-02-06 18:33:23,478 等待，分配弹性IP，当前状态: terminated
2017-02-06 18:33:38,597 等待，分配弹性IP，当前状态: terminated
2017-02-06 18:33:53,692 等待，分配弹性IP，当前状态: terminated
2017-02-06 18:34:08,836 等待，分配弹性IP，当前状态: terminated
2017-02-06 18:34:23,985 等待，分配弹性IP，当前状态: terminated
2017-02-06 18:34:39,109 等待，分配弹性IP，当前状态: terminated
2017-02-06 18:34:54,246 等待，分配弹性IP，当前状态: terminated
2017-02-06 18:35:09,464 等待，分配弹性IP，当前状态: terminated
2017-02-06 18:35:24,558 等待，分配弹性IP，当前状态: terminated
2017-02-06 18:35:39,654 等待，分配弹性IP，当前状态: terminated
2017-02-06 18:35:54,781 等待，分配弹性IP，当前状态: terminated
2017-02-06 18:36:11,226 等待，分配弹性IP，当前状态: terminated
2017-02-06 18:36:26,357 等待，分配弹性IP，当前状态: terminated
2017-02-06 18:36:41,488 等待，分配弹性IP，当前状态: terminated
2017-02-06 18:36:56,603 等待，分配弹性IP，当前状态: terminated
2017-02-06 18:37:11,734 等待，分配弹性IP，当前状态: terminated
2017-02-06 18:37:26,875 等待，分配弹性IP，当前状态: terminated
2017-02-06 18:37:41,986 等待，分配弹性IP，当前状态: terminated
2017-02-06 18:37:57,470 等待，分配弹性IP，当前状态: terminated
2017-02-06 18:38:12,751 等待，分配弹性IP，当前状态: terminated
2017-02-06 18:38:27,900 等待，分配弹性IP，当前状态: terminated
2017-02-06 18:38:42,999 等待，分配弹性IP，当前状态: terminated
2017-02-06 18:38:58,099 等待，分配弹性IP，当前状态: terminated
2017-02-06 18:39:13,192 等待，分配弹性IP，当前状态: terminated
2017-02-06 18:39:28,314 等待，分配弹性IP，当前状态: terminated
2017-02-06 18:39:43,419 等待，分配弹性IP，当前状态: terminated
2017-02-06 18:39:58,500 等待，分配弹性IP，当前状态: terminated
2017-02-06 18:40:13,666 等待，分配弹性IP，当前状态: terminated
2017-02-06 18:40:28,781 等待，分配弹性IP，当前状态: terminated
2017-02-06 18:40:43,924 等待，分配弹性IP，当前状态: terminated
2017-02-06 18:40:59,157 等待，分配弹性IP，当前状态: terminated
2017-02-06 18:41:14,305 等待，分配弹性IP，当前状态: terminated
2017-02-06 18:41:29,399 等待，分配弹性IP，当前状态: terminated
2017-02-06 18:41:44,488 等待，分配弹性IP，当前状态: terminated
2017-02-06 18:41:59,591 等待，分配弹性IP，当前状态: terminated
2017-02-06 18:42:14,680 等待，分配弹性IP，当前状态: terminated
2017-02-06 18:42:29,787 等待，分配弹性IP，当前状态: terminated
2017-02-06 18:42:45,037 等待，分配弹性IP，当前状态: terminated
2017-02-06 18:43:00,166 等待，分配弹性IP，当前状态: terminated
2017-02-06 18:43:15,283 等待，分配弹性IP，当前状态: terminated
2017-02-06 18:43:30,386 等待，分配弹性IP，当前状态: terminated
2017-02-06 18:43:45,489 等待，分配弹性IP，当前状态: terminated
2017-02-06 18:44:00,579 等待，分配弹性IP，当前状态: terminated
2017-02-06 18:44:15,685 等待，分配弹性IP，当前状态: terminated
2017-02-06 18:44:30,791 等待，分配弹性IP，当前状态: terminated
2017-02-06 18:44:45,884 等待，分配弹性IP，当前状态: terminated
2017-02-06 18:45:01,000 等待，分配弹性IP，当前状态: terminated
2017-02-06 18:45:16,185 等待，分配弹性IP，当前状态: terminated
2017-02-06 18:45:31,302 等待，分配弹性IP，当前状态: terminated
2017-02-06 18:45:46,433 等待，分配弹性IP，当前状态: terminated
2017-02-06 18:46:01,576 等待，分配弹性IP，当前状态: terminated
2017-02-06 18:46:16,720 等待，分配弹性IP，当前状态: terminated
2017-02-06 18:46:31,955 等待，分配弹性IP，当前状态: terminated
2017-02-06 18:46:47,076 等待，分配弹性IP，当前状态: terminated
2017-02-06 18:47:02,225 等待，分配弹性IP，当前状态: terminated
2017-02-06 18:47:17,419 等待，分配弹性IP，当前状态: terminated
2017-02-06 18:47:32,535 等待，分配弹性IP，当前状态: terminated
2017-02-06 18:47:47,674 等待，分配弹性IP，当前状态: terminated
2017-02-06 18:48:02,808 等待，分配弹性IP，当前状态: terminated
2017-02-06 18:48:17,942 等待，分配弹性IP，当前状态: terminated
2017-02-06 18:48:33,037 等待，分配弹性IP，当前状态: terminated
2017-02-06 18:48:48,162 等待，分配弹性IP，当前状态: terminated
2017-02-06 18:49:03,375 等待，分配弹性IP，当前状态: terminated
2017-02-06 18:49:18,475 等待，分配弹性IP，当前状态: terminated
2017-02-06 18:49:33,566 等待，分配弹性IP，当前状态: terminated
2017-02-06 18:49:48,676 等待，分配弹性IP，当前状态: terminated
2017-02-06 18:50:03,864 等待，分配弹性IP，当前状态: terminated
2017-02-06 18:50:19,000 等待，分配弹性IP，当前状态: terminated
2017-02-06 18:50:34,101 等待，分配弹性IP，当前状态: terminated
2017-02-06 18:50:49,213 等待，分配弹性IP，当前状态: terminated
2017-02-06 18:51:04,347 等待，分配弹性IP，当前状态: terminated
2017-02-06 18:51:19,463 等待，分配弹性IP，当前状态: terminated
2017-02-06 18:51:34,545 等待，分配弹性IP，当前状态: terminated
2017-02-06 18:51:49,644 等待，分配弹性IP，当前状态: terminated
2017-02-06 18:52:04,736 等待，分配弹性IP，当前状态: terminated
2017-02-06 18:52:19,833 等待，分配弹性IP，当前状态: terminated
2017-02-06 18:52:34,951 等待，分配弹性IP，当前状态: terminated
2017-02-06 18:52:50,098 等待，分配弹性IP，当前状态: terminated
2017-02-06 18:53:05,210 等待，分配弹性IP，当前状态: terminated
2017-02-06 18:53:20,298 等待，分配弹性IP，当前状态: terminated
2017-02-06 18:53:35,446 等待，分配弹性IP，当前状态: terminated
2017-02-06 18:53:50,556 等待，分配弹性IP，当前状态: terminated
2017-02-09 10:04:23,810 成功，gerry,创建数据库成功,数据库：gerry20170209-100422
2017-02-09 10:09:55,769 成功，gerry,数据库：gerry20170209-100422,授权完成，用户名allen
2017-02-09 10:09:56,299 成功，gerry,数据库：gerry20170209-100422,修改状态为10，发送邮件成功
2017-02-09 15:12:12,961 GetEC2Info: max 查询实例数据
2017-02-09 15:13:46,359 GetEC2Info: max 查询实例数据
2017-02-09 15:14:13,993 GetEC2Info: max 查询实例数据
2017-02-09 15:14:36,110 GetEC2Info: Max 查询实例数据
2017-02-09 15:14:52,505 GetEC2Info: Max 查询实例数据
2017-02-10 10:02:31,360 成功，gerry,删除数据库成功，数据库：gerry20170209-100422。
2017-02-14 15:11:23,153 成功，返回用户数据，UserData：#!/bin/bash
iptables -A PREROUTING -t nat -p tcp -d 0.0.0.0/0 -j DNAT --to 180.153.89.75
iptables -A INPUT -p tcp --dport 80 -i eth0 -j ACCEPT
iptables -A INPUT -p tcp --dport 8000 -i eth0 -j ACCEPT
iptables -A INPUT -p tcp --dport 2202 -i eth0 -j ACCEPT
service iptables save
service iptables restart
            
2017-02-14 15:11:24,188 成功，创建EC2实例，实例ID: i-0ccd320e195960994
2017-02-14 15:11:24,333 成功，修改EC2实例Tag，Tag: max-NAT
2017-02-14 15:11:25,332 GetEC2Info: max 查询实例数据
2017-02-14 15:11:34,548 等待，分配弹性IP，当前状态: pending
2017-02-14 15:11:50,296 成功，分配弹性IP成功，AssociationId: {u'AssociationId': 'eipassoc-a963ba94', 'ResponseMetadata': {'HTTPStatusCode': 200, 'RequestId': '44c82e7a-950c-4f2a-82d0-5358b347209d'}}
2017-02-14 15:14:20,212 GetEC2Info: max 查询实例数据
2017-02-20 14:46:17,235 成功，tommy,创建数据库成功,数据库：tommy20170220-144615
2017-02-20 14:51:19,471 成功，tommy,数据库：tommy20170220-144615,授权完成，用户名allen
2017-02-20 14:51:20,134 成功，tommy,数据库：tommy20170220-144615,修改状态为10，发送邮件成功
2017-02-20 17:03:03,578 成功，tommy,删除数据库成功，数据库：tommy20170220-144615。
2017-02-21 15:00:28,089 成功，返回用户数据，UserData：#!/bin/bash
iptables -A PREROUTING -t nat -p tcp -d 0.0.0.0/0 -j DNAT --to 180.153.89.75
iptables -A INPUT -p tcp --dport 80 -i eth0 -j ACCEPT
iptables -A INPUT -p tcp --dport 8000 -i eth0 -j ACCEPT
iptables -A INPUT -p tcp --dport 2202 -i eth0 -j ACCEPT
service iptables save
service iptables restart
            
2017-02-21 15:00:29,015 成功，创建EC2实例，实例ID: i-07ce602e282b5c611
2017-02-21 15:00:29,181 成功，修改EC2实例Tag，Tag: max-NAT
2017-02-21 15:00:30,101 GetEC2Info: max 查询实例数据
2017-02-21 15:00:39,378 等待，分配弹性IP，当前状态: pending
2017-02-21 15:00:55,773 成功，分配弹性IP成功，AssociationId: {u'AssociationId': 'eipassoc-1851f525', 'ResponseMetadata': {'HTTPStatusCode': 200, 'RequestId': '34906e43-8b42-4017-a43d-d0cd2f9baa4f'}}
2017-02-21 15:01:04,464 GetEC2Info: max 查询实例数据
2017-02-21 15:02:56,986 GetEC2Info: max 查询实例数据
2017-02-21 15:26:10,306 成功: 删除 EC2: ['i-07ce602e282b5c611']，不删除的 EC2：[] 
2017-02-21 15:26:13,974 GetEC2Info: max 查询实例数据
2017-02-23 09:48:58,212 GetEC2Info: max 查询实例数据
2017-02-23 09:49:01,540 成功，返回用户数据，UserData：#!/bin/bash
iptables -A PREROUTING -t nat -p tcp -d 0.0.0.0/0 -j DNAT --to 180.153.89.75
iptables -A INPUT -p tcp --dport 80 -i eth0 -j ACCEPT
iptables -A INPUT -p tcp --dport 8000 -i eth0 -j ACCEPT
iptables -A INPUT -p tcp --dport 2202 -i eth0 -j ACCEPT
service iptables save
service iptables restart
            
2017-02-23 09:49:02,431 成功，创建EC2实例，实例ID: i-0aa589dd37ef739fd
2017-02-23 09:49:02,575 成功，修改EC2实例Tag，Tag: max-NAT
2017-02-23 09:49:03,932 GetEC2Info: max 查询实例数据
2017-02-23 09:49:14,008 成功，分配弹性IP成功，AssociationId: {u'AssociationId': 'eipassoc-03288f3e', 'ResponseMetadata': {'HTTPStatusCode': 200, 'RequestId': '5b958c80-50fc-44c4-9d00-10b1fc53116f'}}
2017-02-24 11:36:19,112 GetEC2Info: max 查询实例数据
2017-02-24 11:36:22,313 GetEC2Info: max 查询实例数据
2017-02-24 11:36:23,995 GetEC2Info: max 查询实例数据
2017-02-24 11:36:27,366 成功，返回用户数据，UserData：#!/bin/bash
iptables -A PREROUTING -t nat -p tcp -d 0.0.0.0/0 -j DNAT --to 180.153.89.75
iptables -A INPUT -p tcp --dport 80 -i eth0 -j ACCEPT
iptables -A INPUT -p tcp --dport 8000 -i eth0 -j ACCEPT
iptables -A INPUT -p tcp --dport 2202 -i eth0 -j ACCEPT
service iptables save
service iptables restart
            
2017-02-24 11:36:28,204 成功，创建EC2实例，实例ID: i-0b9859fd0f1147b49
2017-02-24 11:36:28,374 成功，修改EC2实例Tag，Tag: max-NAT
2017-02-24 11:36:30,019 GetEC2Info: max 查询实例数据
2017-02-24 11:36:30,232 GetEC2Info: max 查询实例数据
2017-02-24 11:36:38,611 等待，分配弹性IP，当前状态: pending
2017-02-24 11:36:54,254 成功，分配弹性IP成功，AssociationId: {u'AssociationId': 'eipassoc-0a923437', 'ResponseMetadata': {'HTTPStatusCode': 200, 'RequestId': '1a6f4fd5-7f61-43c7-90d1-2b3e92726763'}}
2017-02-24 15:42:45,776 GetEC2Info: max 查询实例数据
2017-02-24 15:42:52,608 成功: 删除 EC2: ['i-0b9859fd0f1147b49']，不删除的 EC2：[] 
2017-02-27 09:55:29,261 成功，zoya,创建数据库成功,数据库：zoya20170227-095526
2017-02-27 10:00:31,320 成功，zoya,数据库：zoya20170227-095526,授权完成，用户名allen
2017-02-27 10:00:32,044 成功，zoya,数据库：zoya20170227-095526,修改状态为10，发送邮件成功
2017-02-27 16:53:05,537 GetEC2Info: max 查询实例数据
2017-02-27 16:53:09,502 成功，返回用户数据，UserData：#!/bin/bash
iptables -A PREROUTING -t nat -p tcp -d 0.0.0.0/0 -j DNAT --to 180.153.89.75
iptables -A INPUT -p tcp --dport 80 -i eth0 -j ACCEPT
iptables -A INPUT -p tcp --dport 8000 -i eth0 -j ACCEPT
iptables -A INPUT -p tcp --dport 2202 -i eth0 -j ACCEPT
service iptables save
service iptables restart
            
2017-02-27 16:53:10,340 成功，创建EC2实例，实例ID: i-037c7f0d59d8224d2
2017-02-27 16:53:10,459 成功，修改EC2实例Tag，Tag: max-NAT
2017-02-27 16:53:11,376 GetEC2Info: max 查询实例数据
2017-02-27 16:53:20,709 等待，分配弹性IP，当前状态: pending
2017-02-27 16:53:36,377 成功，分配弹性IP成功，AssociationId: {u'AssociationId': 'eipassoc-0dbc1c30', 'ResponseMetadata': {'HTTPStatusCode': 200, 'RequestId': '48d1b09d-d603-47a9-a362-7c7ba331c399'}}
2017-02-27 17:20:13,043 成功，返回用户数据，UserData：#!/bin/bash
iptables -A PREROUTING -t nat -p tcp -d 0.0.0.0/0 -j DNAT --to 180.153.89.75
iptables -A INPUT -p tcp --dport 80 -i eth0 -j ACCEPT
iptables -A INPUT -p tcp --dport 8000 -i eth0 -j ACCEPT
iptables -A INPUT -p tcp --dport 2202 -i eth0 -j ACCEPT
service iptables save
service iptables restart
            
2017-02-27 17:20:14,055 成功，创建EC2实例，实例ID: i-00f8fb79381e9117a
2017-02-27 17:20:14,192 成功，修改EC2实例Tag，Tag: max-NAT
2017-02-27 17:20:15,256 GetEC2Info: max 查询实例数据
2017-02-27 17:20:24,434 等待，分配弹性IP，当前状态: pending
2017-02-27 17:20:40,226 成功，分配弹性IP成功，AssociationId: {u'AssociationId': 'eipassoc-e98121d4', 'ResponseMetadata': {'HTTPStatusCode': 200, 'RequestId': '0b49409c-df69-4c8e-87d8-4bd2d4c8ce83'}}
2017-02-27 17:21:30,989 成功: 删除 EC2: ['i-037c7f0d59d8224d2']，不删除的 EC2：[] 
2017-02-27 17:21:33,525 GetEC2Info: max 查询实例数据
2017-02-27 19:54:03,930 GetEC2Info: max 查询实例数据
2017-02-27 19:54:09,725 成功: 删除 EC2: ['i-00f8fb79381e9117a']，不删除的 EC2：[] 
2017-03-01 18:41:02,764 成功，feynman,删除数据库成功，数据库：zoya20170227-095526。
2017-03-02 09:55:36,080 GetEC2Info: max 查询实例数据
2017-03-02 09:55:41,280 成功，返回用户数据，UserData：#!/bin/bash
iptables -A PREROUTING -t nat -p tcp -d 0.0.0.0/0 -j DNAT --to 180.153.89.75
iptables -A INPUT -p tcp --dport 80 -i eth0 -j ACCEPT
iptables -A INPUT -p tcp --dport 8000 -i eth0 -j ACCEPT
iptables -A INPUT -p tcp --dport 2202 -i eth0 -j ACCEPT
service iptables save
service iptables restart
            
2017-03-02 09:55:42,479 成功，创建EC2实例，实例ID: i-0c72fe3baf986b964
2017-03-02 09:55:42,635 成功，修改EC2实例Tag，Tag: max-NAT
2017-03-02 09:55:43,677 GetEC2Info: max 查询实例数据
2017-03-02 09:55:53,400 成功，分配弹性IP成功，AssociationId: {u'AssociationId': 'eipassoc-44ca6879', 'ResponseMetadata': {'HTTPStatusCode': 200, 'RequestId': 'ee239fd1-8469-4294-81e6-b4f10cce6035'}}
2017-03-02 10:23:33,074 GetEC2Info: max 查询实例数据
2017-03-02 11:00:18,361 GetEC2Info: max 查询实例数据
2017-03-02 15:39:37,465 GetEC2Info: max 查询实例数据
2017-03-02 15:39:42,910 成功: 删除 EC2: ['i-0c72fe3baf986b964']，不删除的 EC2：[] 
2017-03-04 21:32:33,931 GetEC2Info: max 查询实例数据
2017-03-04 21:32:36,976 成功，返回用户数据，UserData：#!/bin/bash
iptables -A PREROUTING -t nat -p tcp -d 0.0.0.0/0 -j DNAT --to 180.153.89.75
iptables -A INPUT -p tcp --dport 80 -i eth0 -j ACCEPT
iptables -A INPUT -p tcp --dport 8000 -i eth0 -j ACCEPT
iptables -A INPUT -p tcp --dport 2202 -i eth0 -j ACCEPT
service iptables save
service iptables restart
            
2017-03-04 21:32:37,832 成功，创建EC2实例，实例ID: i-0adace12c1cee528c
2017-03-04 21:32:37,950 成功，修改EC2实例Tag，Tag: max-NAT
2017-03-04 21:32:39,108 GetEC2Info: max 查询实例数据
2017-03-04 21:32:48,519 成功，分配弹性IP成功，AssociationId: {u'AssociationId': 'eipassoc-963d90ab', 'ResponseMetadata': {'HTTPStatusCode': 200, 'RequestId': '4d45d897-dfce-448c-a19d-78337846d2ce'}}
2017-03-05 00:19:39,837 GetEC2Info: max 查询实例数据
2017-03-05 00:19:46,703 GetEC2Info: max 查询实例数据
2017-03-05 00:19:48,319 GetEC2Info: max 查询实例数据
2017-03-05 00:19:50,562 GetEC2Info: max 查询实例数据
2017-03-05 00:20:05,920 成功: 删除 EC2: ['i-0adace12c1cee528c']，不删除的 EC2：[] 
2017-03-06 09:26:01,411 失败: 删除 EC2: [u'i-0adace12c1cee528c']，失败原因：An error occurred (InvalidParameterCombination) when calling the TerminateInstances operation: No instances specified
2017-03-07 18:30:34,902 成功，zoya,创建数据库成功,数据库：zoya20170307-183031
2017-03-07 18:31:44,889 成功，zoya,删除数据库成功，数据库：zoya20170307-183031。
2017-03-07 18:32:05,693 失败，zoya,数据库：zoya20170307-183031,检查数据库状态失败，原因：(2005, "Unknown MySQL server host 'zoya20170307-183031.cofh1myagdtp.rds.cn-north-1.amazonaws.com.cn' (0)")
2017-03-09 09:52:39,518 成功，zoya,创建数据库成功,数据库：zoya20170309-095238
2017-03-09 09:58:12,088 成功，zoya,数据库：zoya20170309-095238,授权完成，用户名allen
2017-03-09 09:58:12,895 成功，zoya,数据库：zoya20170309-095238,修改状态为10，发送邮件成功
2017-03-09 10:47:26,085 成功，zoya,删除数据库成功，数据库：zoya20170309-095238。
2017-03-09 10:47:38,582 成功，zoya,创建数据库成功,数据库：zoya20170309-104737
2017-03-09 10:52:40,585 成功，zoya,数据库：zoya20170309-104737,授权完成，用户名allen
2017-03-09 10:52:41,174 成功，zoya,数据库：zoya20170309-104737,修改状态为10，发送邮件成功
2017-03-09 10:55:24,212 GetEC2Info: max 查询实例数据
2017-03-09 10:55:26,916 成功，返回用户数据，UserData：#!/bin/bash
iptables -A PREROUTING -t nat -p tcp -d 0.0.0.0/0 -j DNAT --to 180.153.89.75
iptables -A INPUT -p tcp --dport 80 -i eth0 -j ACCEPT
iptables -A INPUT -p tcp --dport 8000 -i eth0 -j ACCEPT
iptables -A INPUT -p tcp --dport 2202 -i eth0 -j ACCEPT
service iptables save
service iptables restart
            
2017-03-09 10:55:27,812 成功，创建EC2实例，实例ID: i-09100caa61db12123
2017-03-09 10:55:27,994 成功，修改EC2实例Tag，Tag: max-NAT
2017-03-09 10:55:29,329 GetEC2Info: max 查询实例数据
2017-03-09 10:55:38,234 等待，分配弹性IP，当前状态: pending
2017-03-09 10:55:53,761 成功，分配弹性IP成功，AssociationId: {u'AssociationId': 'eipassoc-44eb4279', 'ResponseMetadata': {'HTTPStatusCode': 200, 'RequestId': '3d11fdc1-a48e-4745-913f-cdf8471d681c'}}
2017-03-09 11:11:44,198 成功: 删除 EC2: ['i-09100caa61db12123']，不删除的 EC2：[] 
2017-03-09 11:22:32,096 成功，返回用户数据，UserData：#!/bin/bash
iptables -A PREROUTING -t nat -p tcp -d 0.0.0.0/0 -j DNAT --to 180.153.89.75
iptables -A INPUT -p tcp --dport 80 -i eth0 -j ACCEPT
iptables -A INPUT -p tcp --dport 8000 -i eth0 -j ACCEPT
iptables -A INPUT -p tcp --dport 2202 -i eth0 -j ACCEPT
service iptables save
service iptables restart
            
2017-03-09 11:22:32,953 成功，创建EC2实例，实例ID: i-0535d4cdc562fa87f
2017-03-09 11:22:33,085 成功，修改EC2实例Tag，Tag: max-NAT
2017-03-09 11:22:34,046 GetEC2Info: max 查询实例数据
2017-03-09 11:22:35,452 GetEC2Info: max 查询实例数据
2017-03-09 11:22:43,291 等待，分配弹性IP，当前状态: pending
2017-03-09 11:22:58,813 成功，分配弹性IP成功，AssociationId: {u'AssociationId': 'eipassoc-50ee476d', 'ResponseMetadata': {'HTTPStatusCode': 200, 'RequestId': '039d2efd-f59c-45e0-91fa-daf82e598f67'}}
2017-03-09 11:42:59,433 GetEC2Info: max 查询实例数据
2017-03-09 11:42:59,864 GetEC2Info: max 查询实例数据
2017-03-09 11:43:00,586 GetEC2Info: max 查询实例数据
2017-03-09 11:43:04,692 成功: 删除 EC2: ['i-0535d4cdc562fa87f']，不删除的 EC2：[] 
2017-03-09 11:43:08,385 GetEC2Info: max 查询实例数据
2017-03-09 12:58:15,053 成功，zoya,删除数据库成功，数据库：zoya20170309-104737。
2017-03-09 14:06:52,674 成功，zoya,创建数据库成功,数据库：zoya20170309-140650
2017-03-09 14:11:55,356 成功，zoya,数据库：zoya20170309-140650,授权完成，用户名allen
2017-03-09 14:11:56,155 成功，zoya,数据库：zoya20170309-140650,修改状态为10，发送邮件成功
2017-03-09 14:13:12,581 GetEC2Info: max 查询实例数据
2017-03-09 14:13:14,985 成功，返回用户数据，UserData：#!/bin/bash
iptables -A PREROUTING -t nat -p tcp -d 0.0.0.0/0 -j DNAT --to 180.153.89.75
iptables -A INPUT -p tcp --dport 80 -i eth0 -j ACCEPT
iptables -A INPUT -p tcp --dport 8000 -i eth0 -j ACCEPT
iptables -A INPUT -p tcp --dport 2202 -i eth0 -j ACCEPT
service iptables save
service iptables restart
            
2017-03-09 14:13:15,774 成功，创建EC2实例，实例ID: i-0ad0bc68c85b170db
2017-03-09 14:13:16,013 成功，修改EC2实例Tag，Tag: max-NAT
2017-03-09 14:13:17,160 GetEC2Info: max 查询实例数据
2017-03-09 14:13:26,225 等待，分配弹性IP，当前状态: pending
2017-03-09 14:13:41,877 成功，分配弹性IP成功，AssociationId: {u'AssociationId': 'eipassoc-18f35a25', 'ResponseMetadata': {'HTTPStatusCode': 200, 'RequestId': 'c44f9765-97a1-4e61-90fa-63abecf2c0e9'}}
2017-03-09 14:40:37,572 成功，zoya,删除数据库成功，数据库：zoya20170309-140650。
2017-03-09 16:04:24,076 成功: 删除 EC2: ['i-0ad0bc68c85b170db']，不删除的 EC2：[] 
2017-03-09 20:49:20,216 失败: 删除 EC2: [u'i-0ad0bc68c85b170db']，失败原因：An error occurred (InvalidParameterCombination) when calling the TerminateInstances operation: No instances specified
2017-03-09 20:49:50,060 GetEC2Info: max 查询实例数据
2017-03-09 20:49:52,721 成功，返回用户数据，UserData：#!/bin/bash
iptables -A PREROUTING -t nat -p tcp -d 0.0.0.0/0 -j DNAT --to 180.153.89.75
iptables -A INPUT -p tcp --dport 80 -i eth0 -j ACCEPT
iptables -A INPUT -p tcp --dport 8000 -i eth0 -j ACCEPT
iptables -A INPUT -p tcp --dport 2202 -i eth0 -j ACCEPT
service iptables save
service iptables restart
            
2017-03-09 20:49:53,570 成功，创建EC2实例，实例ID: i-060d422c4150412dd
2017-03-09 20:49:53,691 成功，修改EC2实例Tag，Tag: max-NAT
2017-03-09 20:49:54,694 GetEC2Info: max 查询实例数据
2017-03-09 20:50:03,907 等待，分配弹性IP，当前状态: pending
2017-03-09 20:50:19,486 成功，分配弹性IP成功，AssociationId: {u'AssociationId': 'eipassoc-8ca40db1', 'ResponseMetadata': {'HTTPStatusCode': 200, 'RequestId': '2b38e5ed-85d1-4e28-ab83-2cf6fe2dec3c'}}
2017-03-09 21:13:09,375 成功: 删除 EC2: ['i-060d422c4150412dd']，不删除的 EC2：[] 
2017-03-09 23:16:07,006 失败: 删除 EC2: [u'i-060d422c4150412dd']，失败原因：An error occurred (InvalidParameterCombination) when calling the TerminateInstances operation: No instances specified
2017-03-09 23:16:41,302 GetEC2Info: max 查询实例数据
2017-03-09 23:16:44,381 成功，返回用户数据，UserData：#!/bin/bash
iptables -A PREROUTING -t nat -p tcp -d 0.0.0.0/0 -j DNAT --to 180.153.89.75
iptables -A INPUT -p tcp --dport 80 -i eth0 -j ACCEPT
iptables -A INPUT -p tcp --dport 8000 -i eth0 -j ACCEPT
iptables -A INPUT -p tcp --dport 2202 -i eth0 -j ACCEPT
service iptables save
service iptables restart
            
2017-03-09 23:16:45,422 成功，创建EC2实例，实例ID: i-0470b32ca1d017a40
2017-03-09 23:16:45,542 成功，修改EC2实例Tag，Tag: max-NAT
2017-03-09 23:16:46,544 GetEC2Info: max 查询实例数据
2017-03-09 23:16:55,757 等待，分配弹性IP，当前状态: pending
2017-03-09 23:17:11,312 成功，分配弹性IP成功，AssociationId: {u'AssociationId': 'eipassoc-15b51c28', 'ResponseMetadata': {'HTTPStatusCode': 200, 'RequestId': 'c924541a-bfab-43c3-b603-68a425321e5c'}}
2017-03-09 23:48:10,975 GetEC2Info: max 查询实例数据
2017-03-09 23:48:15,890 成功: 删除 EC2: ['i-0470b32ca1d017a40']，不删除的 EC2：[] 
2017-03-09 23:51:31,912 GetEC2Info: max 查询实例数据
2017-03-10 14:14:44,669 GetEC2Info: max 查询实例数据
2017-03-10 17:16:56,512 GetEC2Info: max 查询实例数据
2017-03-13 14:08:59,755 成功，zoya,创建数据库成功,数据库：zoya20170313-140858
2017-03-13 14:15:02,807 成功，zoya,数据库：zoya20170313-140858,授权完成，用户名allen
2017-03-13 14:15:03,960 成功，zoya,数据库：zoya20170313-140858,修改状态为10，发送邮件成功
2017-03-13 18:36:55,572 成功，zoya,删除数据库成功，数据库：zoya20170313-140858。
2017-03-17 11:30:13,431 GetEC2Info: max 查询实例数据
2017-03-17 11:30:16,511 成功，返回用户数据，UserData：#!/bin/bash
iptables -A PREROUTING -t nat -p tcp -d 0.0.0.0/0 -j DNAT --to 180.153.89.75
iptables -A INPUT -p tcp --dport 80 -i eth0 -j ACCEPT
iptables -A INPUT -p tcp --dport 8000 -i eth0 -j ACCEPT
iptables -A INPUT -p tcp --dport 2202 -i eth0 -j ACCEPT
service iptables save
service iptables restart
            
2017-03-17 11:30:17,245 成功，创建EC2实例，实例ID: i-0ecbcbbfb2e67d9c6
2017-03-17 11:30:17,365 成功，修改EC2实例Tag，Tag: max-NAT
2017-03-17 11:30:19,203 GetEC2Info: max 查询实例数据
2017-03-17 11:30:27,569 等待，分配弹性IP，当前状态: pending
2017-03-17 11:30:43,151 成功，分配弹性IP成功，AssociationId: {u'AssociationId': 'eipassoc-c69327fb', 'ResponseMetadata': {'HTTPStatusCode': 200, 'RequestId': 'b1c9327e-731f-4d27-9d6e-7b219c7ff686'}}
2017-03-17 12:02:24,190 成功: 删除 EC2: ['i-0ecbcbbfb2e67d9c6']，不删除的 EC2：[] 
2017-03-17 15:13:00,461 失败: 删除 EC2: [u'i-0ecbcbbfb2e67d9c6']，失败原因：An error occurred (InvalidParameterCombination) when calling the TerminateInstances operation: No instances specified
2017-03-17 15:13:06,859 GetEC2Info: max 查询实例数据
2017-03-17 15:13:09,454 成功，返回用户数据，UserData：#!/bin/bash
iptables -A PREROUTING -t nat -p tcp -d 0.0.0.0/0 -j DNAT --to 180.153.89.75
iptables -A INPUT -p tcp --dport 80 -i eth0 -j ACCEPT
iptables -A INPUT -p tcp --dport 8000 -i eth0 -j ACCEPT
iptables -A INPUT -p tcp --dport 2202 -i eth0 -j ACCEPT
service iptables save
service iptables restart
            
2017-03-17 15:13:10,296 成功，创建EC2实例，实例ID: i-094bbfb5a074ed466
2017-03-17 15:13:10,409 成功，修改EC2实例Tag，Tag: max-NAT
2017-03-17 15:13:11,231 GetEC2Info: max 查询实例数据
2017-03-17 15:13:20,632 等待，分配弹性IP，当前状态: pending
2017-03-17 15:13:36,337 成功，分配弹性IP成功，AssociationId: {u'AssociationId': 'eipassoc-8674c0bb', 'ResponseMetadata': {'HTTPStatusCode': 200, 'RequestId': 'ca60b6ea-b8ff-459f-b20a-a2febdc3e09d'}}
2017-03-19 10:57:17,997 成功，返回用户数据，UserData：#!/bin/bash
iptables -A PREROUTING -t nat -p tcp -d 0.0.0.0/0 -j DNAT --to 180.153.89.75
iptables -A INPUT -p tcp --dport 80 -i eth0 -j ACCEPT
iptables -A INPUT -p tcp --dport 8000 -i eth0 -j ACCEPT
iptables -A INPUT -p tcp --dport 2202 -i eth0 -j ACCEPT
service iptables save
service iptables restart
            
2017-03-19 10:57:18,737 成功，创建EC2实例，实例ID: i-0842bec46074abeac
2017-03-19 10:57:18,898 成功，修改EC2实例Tag，Tag: feynman-NAT
2017-03-19 10:57:29,108 等待，分配弹性IP，当前状态: pending
2017-03-19 10:57:44,879 成功，分配弹性IP成功，AssociationId: {u'AssociationId': 'eipassoc-ab5dea96', 'ResponseMetadata': {'HTTPStatusCode': 200, 'RequestId': 'edce39e6-09c4-473a-9285-66ddd095ef94'}}
2017-03-19 10:58:20,580 成功: 删除 EC2: ['i-0842bec46074abeac']，不删除的 EC2：[u'i-094bbfb5a074ed466'] 
2017-03-19 11:00:05,708 失败: 删除 EC2: [u'i-094bbfb5a074ed466']，失败原因：An error occurred (InvalidParameterCombination) when calling the TerminateInstances operation: No instances specified
2017-03-19 11:00:26,813 失败: 删除 EC2: [u'i-094bbfb5a074ed466']，失败原因：An error occurred (InvalidParameterCombination) when calling the TerminateInstances operation: No instances specified
2017-03-19 11:01:05,431 失败: 删除 EC2: [u'i-094bbfb5a074ed466']，失败原因：An error occurred (InvalidParameterCombination) when calling the TerminateInstances operation: No instances specified
2017-03-19 11:03:31,456 失败: 删除 EC2: [u'i-094bbfb5a074ed466']，失败原因：An error occurred (InvalidParameterCombination) when calling the TerminateInstances operation: No instances specified
2017-03-25 14:54:42,556 GetEC2Info: max 查询实例数据
2017-03-25 14:54:45,236 成功，返回用户数据，UserData：#!/bin/bash
iptables -A PREROUTING -t nat -p tcp -d 0.0.0.0/0 -j DNAT --to 180.153.89.75
iptables -A INPUT -p tcp --dport 80 -i eth0 -j ACCEPT
iptables -A INPUT -p tcp --dport 8000 -i eth0 -j ACCEPT
iptables -A INPUT -p tcp --dport 2202 -i eth0 -j ACCEPT
service iptables save
service iptables restart
            
2017-03-25 14:54:45,939 成功，创建EC2实例，实例ID: i-084fa072cb4c9871f
2017-03-25 14:54:46,049 成功，修改EC2实例Tag，Tag: max-NAT
2017-03-25 14:54:47,011 GetEC2Info: max 查询实例数据
2017-03-25 14:54:56,247 等待，分配弹性IP，当前状态: pending
2017-03-25 14:55:12,762 成功，分配弹性IP成功，AssociationId: {u'AssociationId': 'eipassoc-1f45f622', 'ResponseMetadata': {'HTTPStatusCode': 200, 'RequestId': '8d445135-e857-44f5-a011-d02da76e2393'}}
2017-03-25 16:55:58,907 成功: 删除 EC2: ['i-084fa072cb4c9871f']，不删除的 EC2：[] 
2017-03-30 11:26:35,306 成功，feynman,创建数据库成功,数据库：feynman20170330-112632
2017-03-30 11:26:56,755 成功，feynman,删除数据库成功，数据库：feynman20170330-105523。
2017-03-30 11:32:38,029 成功，feynman,数据库：feynman20170330-112632,授权完成，用户名allen
2017-03-30 11:32:38,807 成功，feynman,数据库：feynman20170330-112632,修改状态为10，发送邮件成功
2017-03-30 11:45:54,960 成功，feynman,删除数据库成功，数据库：feynman20170330-112632。
2017-03-30 14:24:46,431 成功，tommy,创建数据库成功,数据库：tommy20170330-142444
2017-03-30 14:30:49,290 成功，tommy,数据库：tommy20170330-142444,授权完成，用户名allen
2017-03-30 14:30:49,875 成功，tommy,数据库：tommy20170330-142444,修改状态为10，发送邮件成功
2017-04-01 10:51:42,216 成功，Tommy,创建数据库成功,数据库：Tommy20170401-105140
2017-04-01 10:57:44,744 成功，Tommy,数据库：Tommy20170401-105140,授权完成，用户名allen
2017-04-01 10:57:45,297 成功，Tommy,数据库：Tommy20170401-105140,修改状态为10，发送邮件成功
2017-04-01 11:10:44,165 成功，Tommy,删除数据库成功，数据库：Tommy20170401-105140。
2017-04-02 08:35:30,276 成功，feynman,删除数据库成功，数据库：gerry20170331-135836。
2017-04-05 13:59:25,946 成功，tommy,创建数据库成功,数据库：tommy20170405-135923
2017-04-05 14:05:28,550 成功，tommy,数据库：tommy20170405-135923,授权完成，用户名allen
2017-04-05 14:05:29,152 成功，tommy,数据库：tommy20170405-135923,修改状态为10，发送邮件成功
2017-04-05 14:07:41,102 GetEC2Info: tommy 查询实例数据
2017-04-05 17:50:06,986 成功，tommy,删除数据库成功，数据库：tommy20170405-135923。
2017-04-06 23:07:56,791 GetEC2Info: max 查询实例数据
2017-04-06 23:08:00,765 成功，返回用户数据，UserData：#!/bin/bash
iptables -A PREROUTING -t nat -p tcp -d 0.0.0.0/0 -j DNAT --to 180.153.89.75
iptables -A INPUT -p tcp --dport 80 -i eth0 -j ACCEPT
iptables -A INPUT -p tcp --dport 8000 -i eth0 -j ACCEPT
iptables -A INPUT -p tcp --dport 2202 -i eth0 -j ACCEPT
service iptables save
service iptables restart
            
2017-04-06 23:08:01,590 成功，创建EC2实例，实例ID: i-0fd363cb8ca61cbc2
2017-04-06 23:08:01,717 成功，修改EC2实例Tag，Tag: max-NAT
2017-04-06 23:08:02,665 GetEC2Info: max 查询实例数据
2017-04-06 23:08:11,971 等待，分配弹性IP，当前状态: pending
2017-04-06 23:08:27,612 成功，分配弹性IP成功，AssociationId: {u'AssociationId': 'eipassoc-382b9005', 'ResponseMetadata': {'HTTPStatusCode': 200, 'RequestId': '8a8fca76-0bcf-4aa0-bffb-eedeb24fba0c'}}
2017-04-09 14:52:59,975 GetEC2Info: max 查询实例数据
2017-04-09 14:53:14,433 成功: 删除 EC2: ['i-0fd363cb8ca61cbc2']，不删除的 EC2：[] 
2017-04-09 14:53:18,420 GetEC2Info: max 查询实例数据
2017-04-10 11:53:23,345 GetEC2Info: max 查询实例数据
2017-04-10 20:20:41,755 GetEC2Info: max 查询实例数据
2017-04-10 20:20:45,386 成功，返回用户数据，UserData：#!/bin/bash
iptables -A PREROUTING -t nat -p tcp -d 0.0.0.0/0 -j DNAT --to 180.153.89.75
iptables -A INPUT -p tcp --dport 80 -i eth0 -j ACCEPT
iptables -A INPUT -p tcp --dport 8000 -i eth0 -j ACCEPT
iptables -A INPUT -p tcp --dport 2202 -i eth0 -j ACCEPT
service iptables save
service iptables restart
            
2017-04-10 20:20:46,331 成功，创建EC2实例，实例ID: i-03ae02cf847dff281
2017-04-10 20:20:46,462 成功，修改EC2实例Tag，Tag: max-NAT
2017-04-10 20:20:47,440 GetEC2Info: max 查询实例数据
2017-04-10 20:20:56,718 等待，分配弹性IP，当前状态: pending
2017-04-10 20:21:12,264 成功，分配弹性IP成功，AssociationId: {u'AssociationId': 'eipassoc-889216b5', 'ResponseMetadata': {'HTTPStatusCode': 200, 'RequestId': '784c783f-919e-45dc-a59f-5f8476407064'}}
2017-04-10 21:06:08,564 GetEC2Info: max 查询实例数据
2017-04-10 21:06:13,030 成功: 删除 EC2: ['i-03ae02cf847dff281']，不删除的 EC2：[] 
2017-04-11 18:56:26,289 成功，gerry,创建数据库成功,数据库：gerry20170411-185624
2017-04-11 19:01:58,166 成功，gerry,数据库：gerry20170411-185624,授权完成，用户名allen
2017-04-11 19:01:58,832 成功，gerry,数据库：gerry20170411-185624,修改状态为10，发送邮件成功
